[ 2018-09-02T15:21:06+08:00 ] 127.0.0.1 /~mac/flower/index.php/Home/Index/index.html
INFO: [ app_init ] --START--
INFO: Run Behavior\BuildLiteBehavior [ RunTime:0.000016s ]
INFO: [ app_init ] --END-- [ RunTime:0.001004s ]
INFO: [ app_begin ] --START--
INFO: Run Behavior\ReadHtmlCacheBehavior [ RunTime:0.000175s ]
INFO: [ app_begin ] --END-- [ RunTime:0.000540s ]

[ 2018-09-02T15:22:05+08:00 ] 127.0.0.1 /~mac/flower/
INFO: [ app_init ] --START--
INFO: Run Behavior\BuildLiteBehavior [ RunTime:0.000007s ]
INFO: [ app_init ] --END-- [ RunTime:0.000054s ]
INFO: [ app_begin ] --START--
INFO: Run Behavior\ReadHtmlCacheBehavior [ RunTime:0.000037s ]
INFO: [ app_begin ] --END-- [ RunTime:0.000052s ]
INFO: [ view_parse ] --START--
INFO: [ template_filter ] --START--
INFO: Run Behavior\ContentReplaceBehavior [ RunTime:0.000104s ]
INFO: [ template_filter ] --END-- [ RunTime:0.000146s ]
INFO: Run Behavior\ParseTemplateBehavior [ RunTime:0.003100s ]
INFO: [ view_parse ] --END-- [ RunTime:0.003135s ]
INFO: [ view_filter ] --START--
INFO: Run Behavior\WriteHtmlCacheBehavior [ RunTime:0.000083s ]
INFO: [ view_filter ] --END-- [ RunTime:0.000100s ]
INFO: [ app_end ] --START--
INFO: Run Behavior\ShowPageTraceBehavior [ RunTime:0.000141s ]
INFO: [ app_end ] --END-- [ RunTime:0.000170s ]

[ 2018-09-02T15:22:34+08:00 ] 127.0.0.1 /~mac/flower/index.php/Home/Index/index.html
INFO: [ app_init ] --START--
INFO: Run Behavior\BuildLiteBehavior [ RunTime:0.000006s ]
INFO: [ app_init ] --END-- [ RunTime:0.000048s ]
INFO: [ app_begin ] --START--
INFO: Run Behavior\ReadHtmlCacheBehavior [ RunTime:0.000033s ]
INFO: [ app_begin ] --END-- [ RunTime:0.000045s ]

[ 2018-09-02T15:24:03+08:00 ] 127.0.0.1 /~mac/flower/
INFO: [ app_init ] --START--
INFO: Run Behavior\BuildLiteBehavior [ RunTime:0.000008s ]
INFO: [ app_init ] --END-- [ RunTime:0.000060s ]
INFO: [ app_begin ] --START--
INFO: Run Behavior\ReadHtmlCacheBehavior [ RunTime:0.000043s ]
INFO: [ app_begin ] --END-- [ RunTime:0.000065s ]
INFO: [ view_parse ] --START--
INFO: [ template_filter ] --START--
INFO: Run Behavior\ContentReplaceBehavior [ RunTime:0.000066s ]
INFO: [ template_filter ] --END-- [ RunTime:0.000100s ]
INFO: Run Behavior\ParseTemplateBehavior [ RunTime:0.003607s ]
INFO: [ view_parse ] --END-- [ RunTime:0.003705s ]
INFO: [ view_filter ] --START--
INFO: Run Behavior\WriteHtmlCacheBehavior [ RunTime:0.000092s ]
INFO: [ view_filter ] --END-- [ RunTime:0.000116s ]
INFO: [ app_end ] --START--
INFO: Run Behavior\ShowPageTraceBehavior [ RunTime:0.000084s ]
INFO: [ app_end ] --END-- [ RunTime:0.000107s ]

[ 2018-09-02T15:24:14+08:00 ] 127.0.0.1 /~mac/flower/index.php/Home/Index/index.html
INFO: [ app_init ] --START--
INFO: Run Behavior\BuildLiteBehavior [ RunTime:0.000007s ]
INFO: [ app_init ] --END-- [ RunTime:0.000058s ]
INFO: [ app_begin ] --START--
INFO: Run Behavior\ReadHtmlCacheBehavior [ RunTime:0.000044s ]
INFO: [ app_begin ] --END-- [ RunTime:0.000067s ]

[ 2018-09-02T15:24:26+08:00 ] 127.0.0.1 /~mac/flower/index.php/Home/Index/index.html
INFO: [ app_init ] --START--
INFO: Run Behavior\BuildLiteBehavior [ RunTime:0.000008s ]
INFO: [ app_init ] --END-- [ RunTime:0.000052s ]
INFO: [ app_begin ] --START--
INFO: Run Behavior\ReadHtmlCacheBehavior [ RunTime:0.000034s ]
INFO: [ app_begin ] --END-- [ RunTime:0.000050s ]

[ 2018-09-02T15:24:33+08:00 ] 127.0.0.1 /~mac/flower/index.php/Home/Index/index.html
INFO: [ app_init ] --START--
INFO: Run Behavior\BuildLiteBehavior [ RunTime:0.000007s ]
INFO: [ app_init ] --END-- [ RunTime:0.000050s ]
INFO: [ app_begin ] --START--
INFO: Run Behavior\ReadHtmlCacheBehavior [ RunTime:0.000034s ]
INFO: [ app_begin ] --END-- [ RunTime:0.000050s ]

[ 2018-09-02T15:24:46+08:00 ] 127.0.0.1 /~mac/flower/index.php/Home/Index/index.html
INFO: [ app_init ] --START--
INFO: Run Behavior\BuildLiteBehavior [ RunTime:0.000008s ]
INFO: [ app_init ] --END-- [ RunTime:0.000062s ]
INFO: [ app_begin ] --START--
INFO: Run Behavior\ReadHtmlCacheBehavior [ RunTime:0.000041s ]
INFO: [ app_begin ] --END-- [ RunTime:0.000057s ]

[ 2018-09-02T15:24:55+08:00 ] 127.0.0.1 /~mac/flower/index.php/Home/Index/index.html
INFO: [ app_init ] --START--
INFO: Run Behavior\BuildLiteBehavior [ RunTime:0.000008s ]
INFO: [ app_init ] --END-- [ RunTime:0.000058s ]
INFO: [ app_begin ] --START--
INFO: Run Behavior\ReadHtmlCacheBehavior [ RunTime:0.000066s ]
INFO: [ app_begin ] --END-- [ RunTime:0.000102s ]

[ 2018-09-02T15:26:09+08:00 ] 127.0.0.1 /~mac/flower/index.php/Home/Index/index.html
INFO: [ app_init ] --START--
INFO: Run Behavior\BuildLiteBehavior [ RunTime:0.000009s ]
INFO: [ app_init ] --END-- [ RunTime:0.000078s ]
INFO: [ app_begin ] --START--
INFO: Run Behavior\ReadHtmlCacheBehavior [ RunTime:0.000054s ]
INFO: [ app_begin ] --END-- [ RunTime:0.000075s ]

[ 2018-09-02T15:29:36+08:00 ] 127.0.0.1 /~mac/flower/index.php/Home/Index/index.html
INFO: [ app_init ] --START--
INFO: Run Behavior\BuildLiteBehavior [ RunTime:0.000009s ]
INFO: [ app_init ] --END-- [ RunTime:0.000080s ]
INFO: [ app_begin ] --START--
INFO: Run Behavior\ReadHtmlCacheBehavior [ RunTime:0.000061s ]
INFO: [ app_begin ] --END-- [ RunTime:0.000088s ]

[ 2018-09-02T15:30:35+08:00 ] 127.0.0.1 /~mac/flower/index.php/Home/Index/index.html
INFO: [ app_init ] --START--
INFO: Run Behavior\BuildLiteBehavior [ RunTime:0.000006s ]
INFO: [ app_init ] --END-- [ RunTime:0.000055s ]
INFO: [ app_begin ] --START--
INFO: Run Behavior\ReadHtmlCacheBehavior [ RunTime:0.000040s ]
INFO: [ app_begin ] --END-- [ RunTime:0.000054s ]

[ 2018-09-02T15:31:58+08:00 ] 127.0.0.1 /~mac/flower/index.php/Home/Index/index.html
INFO: [ app_init ] --START--
INFO: Run Behavior\BuildLiteBehavior [ RunTime:0.000008s ]
INFO: [ app_init ] --END-- [ RunTime:0.000122s ]
INFO: [ app_begin ] --START--
INFO: Run Behavior\ReadHtmlCacheBehavior [ RunTime:0.000546s ]
INFO: [ app_begin ] --END-- [ RunTime:0.000764s ]

[ 2018-09-02T15:34:27+08:00 ] 127.0.0.1 /~mac/flower/
INFO: [ app_init ] --START--
INFO: Run Behavior\BuildLiteBehavior [ RunTime:0.000008s ]
INFO: [ app_init ] --END-- [ RunTime:0.000054s ]
INFO: [ app_begin ] --START--
INFO: Run Behavior\ReadHtmlCacheBehavior [ RunTime:0.000033s ]
INFO: [ app_begin ] --END-- [ RunTime:0.000045s ]
INFO: [ view_parse ] --START--
INFO: [ template_filter ] --START--
INFO: Run Behavior\ContentReplaceBehavior [ RunTime:0.000050s ]
INFO: [ template_filter ] --END-- [ RunTime:0.000111s ]
INFO: Run Behavior\ParseTemplateBehavior [ RunTime:0.003288s ]
INFO: [ view_parse ] --END-- [ RunTime:0.003313s ]
INFO: [ view_filter ] --START--
INFO: Run Behavior\WriteHtmlCacheBehavior [ RunTime:0.000047s ]
INFO: [ view_filter ] --END-- [ RunTime:0.000057s ]
INFO: [ app_end ] --START--
INFO: Run Behavior\ShowPageTraceBehavior [ RunTime:0.000101s ]
INFO: [ app_end ] --END-- [ RunTime:0.000143s ]

[ 2018-09-02T15:34:31+08:00 ] 127.0.0.1 /~mac/flower/
INFO: [ app_init ] --START--
INFO: Run Behavior\BuildLiteBehavior [ RunTime:0.000006s ]
INFO: [ app_init ] --END-- [ RunTime:0.000043s ]
INFO: [ app_begin ] --START--
INFO: Run Behavior\ReadHtmlCacheBehavior [ RunTime:0.000027s ]
INFO: [ app_begin ] --END-- [ RunTime:0.000039s ]
INFO: [ view_parse ] --START--
INFO: [ template_filter ] --START--
INFO: Run Behavior\ContentReplaceBehavior [ RunTime:0.000044s ]
INFO: [ template_filter ] --END-- [ RunTime:0.000069s ]
INFO: Run Behavior\ParseTemplateBehavior [ RunTime:0.002009s ]
INFO: [ view_parse ] --END-- [ RunTime:0.002030s ]
INFO: [ view_filter ] --START--
INFO: Run Behavior\WriteHtmlCacheBehavior [ RunTime:0.000040s ]
INFO: [ view_filter ] --END-- [ RunTime:0.000050s ]
INFO: [ app_end ] --START--
INFO: Run Behavior\ShowPageTraceBehavior [ RunTime:0.000034s ]
INFO: [ app_end ] --END-- [ RunTime:0.000045s ]

[ 2018-09-02T15:34:40+08:00 ] 127.0.0.1 /~mac/flower/index.php/Home/Index/index.html
INFO: [ app_init ] --START--
INFO: Run Behavior\BuildLiteBehavior [ RunTime:0.000011s ]
INFO: [ app_init ] --END-- [ RunTime:0.000095s ]
INFO: [ app_begin ] --START--
INFO: Run Behavior\ReadHtmlCacheBehavior [ RunTime:0.000051s ]
INFO: [ app_begin ] --END-- [ RunTime:0.000072s ]

[ 2018-09-02T15:34:51+08:00 ] 127.0.0.1 /~mac/flower/index.php/Home/Index/index.html
INFO: [ app_init ] --START--
INFO: Run Behavior\BuildLiteBehavior [ RunTime:0.000013s ]
INFO: [ app_init ] --END-- [ RunTime:0.000377s ]
INFO: [ app_begin ] --START--
INFO: Run Behavior\ReadHtmlCacheBehavior [ RunTime:0.000039s ]
INFO: [ app_begin ] --END-- [ RunTime:0.000054s ]

[ 2018-09-02T15:34:59+08:00 ] 127.0.0.1 /~mac/flower/index.php/Home/Index/index.html
INFO: [ app_init ] --START--
INFO: Run Behavior\BuildLiteBehavior [ RunTime:0.000009s ]
INFO: [ app_init ] --END-- [ RunTime:0.000068s ]
INFO: [ app_begin ] --START--
INFO: Run Behavior\ReadHtmlCacheBehavior [ RunTime:0.000043s ]
INFO: [ app_begin ] --END-- [ RunTime:0.000063s ]

[ 2018-09-02T15:36:05+08:00 ] 127.0.0.1 /~mac/flower/index.php/Home/Index/index.html
INFO: [ app_init ] --START--
INFO: Run Behavior\BuildLiteBehavior [ RunTime:0.000010s ]
INFO: [ app_init ] --END-- [ RunTime:0.000079s ]
INFO: [ app_begin ] --START--
INFO: Run Behavior\ReadHtmlCacheBehavior [ RunTime:0.000058s ]
INFO: [ app_begin ] --END-- [ RunTime:0.000087s ]

[ 2018-09-02T16:04:42+08:00 ] 127.0.0.1 /~mac/flower/index.php/Home/Index/index.html
INFO: [ app_init ] --START--
INFO: Run Behavior\BuildLiteBehavior [ RunTime:0.000007s ]
INFO: [ app_init ] --END-- [ RunTime:0.000052s ]
INFO: [ app_begin ] --START--
INFO: Run Behavior\ReadHtmlCacheBehavior [ RunTime:0.000056s ]
INFO: [ app_begin ] --END-- [ RunTime:0.000077s ]

[ 2018-09-02T16:04:49+08:00 ] 127.0.0.1 /~mac/flower/index.php/Home/Index/index.html
INFO: [ app_init ] --START--
INFO: Run Behavior\BuildLiteBehavior [ RunTime:0.000009s ]
INFO: [ app_init ] --END-- [ RunTime:0.000064s ]
INFO: [ app_begin ] --START--
INFO: Run Behavior\ReadHtmlCacheBehavior [ RunTime:0.000040s ]
INFO: [ app_begin ] --END-- [ RunTime:0.000056s ]
NOTIC: [8] Undefined index: code /Users/mac/Sites/flower/Application/Home/Controller/IndexController.class.php 第 17 行.
NOTIC: [8] Undefined index: photos /Users/mac/Sites/flower/Application/Home/Controller/IndexController.class.php 第 23 行.
NOTIC: [2] Invalid argument supplied for foreach() /Users/mac/Sites/flower/Application/Home/Controller/IndexController.class.php 第 23 行.
ERR: Unsupported operand types

[ 2018-09-02T16:11:11+08:00 ] 127.0.0.1 /~mac/flower/index.php/Home/Index/index.html
INFO: [ app_init ] --START--
INFO: Run Behavior\BuildLiteBehavior [ RunTime:0.000011s ]
INFO: [ app_init ] --END-- [ RunTime:0.000098s ]
INFO: [ app_begin ] --START--
INFO: Run Behavior\ReadHtmlCacheBehavior [ RunTime:0.000062s ]
INFO: [ app_begin ] --END-- [ RunTime:0.000086s ]
NOTIC: [8] Undefined index: code /Users/mac/Sites/flower/Application/Home/Controller/IndexController.class.php 第 17 行.

[ 2018-09-02T16:14:58+08:00 ] 127.0.0.1 /~mac/flower/index.php/Home/Index/index.html
INFO: [ app_init ] --START--
INFO: Run Behavior\BuildLiteBehavior [ RunTime:0.000006s ]
INFO: [ app_init ] --END-- [ RunTime:0.000048s ]
INFO: [ app_begin ] --START--
INFO: Run Behavior\ReadHtmlCacheBehavior [ RunTime:0.000032s ]
INFO: [ app_begin ] --END-- [ RunTime:0.000045s ]
NOTIC: [8] Undefined index: code /Users/mac/Sites/flower/Application/Home/Controller/IndexController.class.php 第 17 行.
ERR: Unsupported operand types

[ 2018-09-02T16:15:31+08:00 ] 127.0.0.1 /~mac/flower/index.php/Home/Index/index.html
INFO: [ app_init ] --START--
INFO: Run Behavior\BuildLiteBehavior [ RunTime:0.000011s ]
INFO: [ app_init ] --END-- [ RunTime:0.000073s ]
INFO: [ app_begin ] --START--
INFO: Run Behavior\ReadHtmlCacheBehavior [ RunTime:0.000035s ]
INFO: [ app_begin ] --END-- [ RunTime:0.000049s ]
NOTIC: [8] Undefined index: code /Users/mac/Sites/flower/Application/Home/Controller/IndexController.class.php 第 17 行.
ERR: Unsupported operand types

[ 2018-09-02T16:15:51+08:00 ] 127.0.0.1 /~mac/flower/index.php/Home/Index/index.html
INFO: [ app_init ] --START--
INFO: Run Behavior\BuildLiteBehavior [ RunTime:0.000009s ]
INFO: [ app_init ] --END-- [ RunTime:0.000069s ]
INFO: [ app_begin ] --START--
INFO: Run Behavior\ReadHtmlCacheBehavior [ RunTime:0.000051s ]
INFO: [ app_begin ] --END-- [ RunTime:0.000073s ]
NOTIC: [8] Undefined index: code /Users/mac/Sites/flower/Application/Home/Controller/IndexController.class.php 第 17 行.
ERR: Unsupported operand types

[ 2018-09-02T16:16:24+08:00 ] 127.0.0.1 /~mac/flower/index.php/Home/Index/index.html
INFO: [ app_init ] --START--
INFO: Run Behavior\BuildLiteBehavior [ RunTime:0.000009s ]
INFO: [ app_init ] --END-- [ RunTime:0.000073s ]
INFO: [ app_begin ] --START--
INFO: Run Behavior\ReadHtmlCacheBehavior [ RunTime:0.000049s ]
INFO: [ app_begin ] --END-- [ RunTime:0.000070s ]
NOTIC: [8] Undefined index: code /Users/mac/Sites/flower/Application/Home/Controller/IndexController.class.php 第 17 行.

[ 2018-09-02T16:16:43+08:00 ] 127.0.0.1 /~mac/flower/index.php/Home/Index/index.html
INFO: [ app_init ] --START--
INFO: Run Behavior\BuildLiteBehavior [ RunTime:0.000006s ]
INFO: [ app_init ] --END-- [ RunTime:0.000043s ]
INFO: [ app_begin ] --START--
INFO: Run Behavior\ReadHtmlCacheBehavior [ RunTime:0.000028s ]
INFO: [ app_begin ] --END-- [ RunTime:0.000041s ]
NOTIC: [8] Undefined index: code /Users/mac/Sites/flower/Application/Home/Controller/IndexController.class.php 第 17 行.

[ 2018-09-02T16:17:21+08:00 ] 127.0.0.1 /~mac/flower/index.php/Home/Index/index.html
INFO: [ app_init ] --START--
INFO: Run Behavior\BuildLiteBehavior [ RunTime:0.000008s ]
INFO: [ app_init ] --END-- [ RunTime:0.000062s ]
INFO: [ app_begin ] --START--
INFO: Run Behavior\ReadHtmlCacheBehavior [ RunTime:0.000042s ]
INFO: [ app_begin ] --END-- [ RunTime:0.000062s ]
NOTIC: [8] Undefined index: code /Users/mac/Sites/flower/Application/Home/Controller/IndexController.class.php 第 17 行.

[ 2018-09-02T16:17:29+08:00 ] 127.0.0.1 /~mac/flower/index.php/Home/Index/index.html
INFO: [ app_init ] --START--
INFO: Run Behavior\BuildLiteBehavior [ RunTime:0.000008s ]
INFO: [ app_init ] --END-- [ RunTime:0.000061s ]
INFO: [ app_begin ] --START--
INFO: Run Behavior\ReadHtmlCacheBehavior [ RunTime:0.000044s ]
INFO: [ app_begin ] --END-- [ RunTime:0.000065s ]
NOTIC: [8] Undefined index: code /Users/mac/Sites/flower/Application/Home/Controller/IndexController.class.php 第 17 行.

[ 2018-09-02T16:27:05+08:00 ] 127.0.0.1 /~mac/flower/index.php/Home/Index/index.html
INFO: [ app_init ] --START--
INFO: Run Behavior\BuildLiteBehavior [ RunTime:0.000009s ]
INFO: [ app_init ] --END-- [ RunTime:0.000072s ]
INFO: [ app_begin ] --START--
INFO: Run Behavior\ReadHtmlCacheBehavior [ RunTime:0.000052s ]
INFO: [ app_begin ] --END-- [ RunTime:0.000073s ]
NOTIC: [8] Undefined index: code /Users/mac/Sites/flower/Application/Home/Controller/IndexController.class.php 第 17 行.
SQL: SHOW COLUMNS FROM `fl_order` [ RunTime:0.6018s ]
SQL: INSERT INTO `fl_order` (`time`,`ideal_total_price`,`reality_total_price`) VALUES ('2018-09-02 16:26:55','40000','28000') [ RunTime:0.7510s ]

[ 2018-09-02T16:28:00+08:00 ] 127.0.0.1 /~mac/flower/index.php/Home/Index/index.html
INFO: [ app_init ] --START--
INFO: Run Behavior\BuildLiteBehavior [ RunTime:0.000008s ]
INFO: [ app_init ] --END-- [ RunTime:0.000072s ]
INFO: [ app_begin ] --START--
INFO: Run Behavior\ReadHtmlCacheBehavior [ RunTime:0.000053s ]
INFO: [ app_begin ] --END-- [ RunTime:0.000074s ]
NOTIC: [8] Undefined index: code /Users/mac/Sites/flower/Application/Home/Controller/IndexController.class.php 第 17 行.

[ 2018-09-02T16:28:42+08:00 ] 127.0.0.1 /~mac/flower/
INFO: [ app_init ] --START--
INFO: Run Behavior\BuildLiteBehavior [ RunTime:0.000009s ]
INFO: [ app_init ] --END-- [ RunTime:0.000078s ]
INFO: [ app_begin ] --START--
INFO: Run Behavior\ReadHtmlCacheBehavior [ RunTime:0.000061s ]
INFO: [ app_begin ] --END-- [ RunTime:0.000087s ]
INFO: [ view_parse ] --START--
INFO: [ template_filter ] --START--
INFO: Run Behavior\ContentReplaceBehavior [ RunTime:0.000057s ]
INFO: [ template_filter ] --END-- [ RunTime:0.000095s ]
INFO: Run Behavior\ParseTemplateBehavior [ RunTime:0.007075s ]
INFO: [ view_parse ] --END-- [ RunTime:0.007112s ]
INFO: [ view_filter ] --START--
INFO: Run Behavior\WriteHtmlCacheBehavior [ RunTime:0.000079s ]
INFO: [ view_filter ] --END-- [ RunTime:0.000095s ]
INFO: [ app_end ] --START--
INFO: Run Behavior\ShowPageTraceBehavior [ RunTime:0.000197s ]
INFO: [ app_end ] --END-- [ RunTime:0.000260s ]

[ 2018-09-02T16:29:01+08:00 ] 127.0.0.1 /~mac/flower/
INFO: [ app_init ] --START--
INFO: Run Behavior\BuildLiteBehavior [ RunTime:0.000012s ]
INFO: [ app_init ] --END-- [ RunTime:0.000112s ]
INFO: [ app_begin ] --START--
INFO: Run Behavior\ReadHtmlCacheBehavior [ RunTime:0.000057s ]
INFO: [ app_begin ] --END-- [ RunTime:0.000080s ]
INFO: [ view_parse ] --START--
INFO: [ template_filter ] --START--
INFO: Run Behavior\ContentReplaceBehavior [ RunTime:0.000126s ]
INFO: [ template_filter ] --END-- [ RunTime:0.000176s ]
INFO: Run Behavior\ParseTemplateBehavior [ RunTime:0.003323s ]
INFO: [ view_parse ] --END-- [ RunTime:0.003363s ]
INFO: [ view_filter ] --START--
INFO: Run Behavior\WriteHtmlCacheBehavior [ RunTime:0.000082s ]
INFO: [ view_filter ] --END-- [ RunTime:0.000101s ]
INFO: [ app_end ] --START--
INFO: Run Behavior\ShowPageTraceBehavior [ RunTime:0.000089s ]
INFO: [ app_end ] --END-- [ RunTime:0.000152s ]

[ 2018-09-02T16:29:22+08:00 ] 127.0.0.1 /~mac/flower/
INFO: [ app_init ] --START--
INFO: Run Behavior\BuildLiteBehavior [ RunTime:0.000006s ]
INFO: [ app_init ] --END-- [ RunTime:0.000042s ]
INFO: [ app_begin ] --START--
INFO: Run Behavior\ReadHtmlCacheBehavior [ RunTime:0.000027s ]
INFO: [ app_begin ] --END-- [ RunTime:0.000040s ]
INFO: [ view_parse ] --START--
INFO: [ template_filter ] --START--
INFO: Run Behavior\ContentReplaceBehavior [ RunTime:0.000046s ]
INFO: [ template_filter ] --END-- [ RunTime:0.000073s ]
INFO: Run Behavior\ParseTemplateBehavior [ RunTime:0.002499s ]
INFO: [ view_parse ] --END-- [ RunTime:0.002550s ]
INFO: [ view_filter ] --START--
INFO: Run Behavior\WriteHtmlCacheBehavior [ RunTime:0.000059s ]
INFO: [ view_filter ] --END-- [ RunTime:0.000074s ]
INFO: [ app_end ] --START--
INFO: Run Behavior\ShowPageTraceBehavior [ RunTime:0.000053s ]
INFO: [ app_end ] --END-- [ RunTime:0.000071s ]

[ 2018-09-02T16:30:01+08:00 ] 127.0.0.1 /~mac/flower/
INFO: [ app_init ] --START--
INFO: Run Behavior\BuildLiteBehavior [ RunTime:0.000008s ]
INFO: [ app_init ] --END-- [ RunTime:0.000057s ]
INFO: [ app_begin ] --START--
INFO: Run Behavior\ReadHtmlCacheBehavior [ RunTime:0.000030s ]
INFO: [ app_begin ] --END-- [ RunTime:0.000044s ]
INFO: [ view_parse ] --START--
INFO: [ template_filter ] --START--
INFO: Run Behavior\ContentReplaceBehavior [ RunTime:0.000077s ]
INFO: [ template_filter ] --END-- [ RunTime:0.000150s ]
INFO: Run Behavior\ParseTemplateBehavior [ RunTime:0.003385s ]
INFO: [ view_parse ] --END-- [ RunTime:0.003416s ]
INFO: [ view_filter ] --START--
INFO: Run Behavior\WriteHtmlCacheBehavior [ RunTime:0.000069s ]
INFO: [ view_filter ] --END-- [ RunTime:0.000124s ]
INFO: [ app_end ] --START--
INFO: Run Behavior\ShowPageTraceBehavior [ RunTime:0.000094s ]
INFO: [ app_end ] --END-- [ RunTime:0.000133s ]

[ 2018-09-02T16:30:20+08:00 ] 127.0.0.1 /~mac/flower/
INFO: [ app_init ] --START--
INFO: Run Behavior\BuildLiteBehavior [ RunTime:0.000018s ]
INFO: [ app_init ] --END-- [ RunTime:0.000149s ]
INFO: [ app_begin ] --START--
INFO: Run Behavior\ReadHtmlCacheBehavior [ RunTime:0.000074s ]
INFO: [ app_begin ] --END-- [ RunTime:0.000113s ]
INFO: [ view_parse ] --START--
INFO: [ template_filter ] --START--
INFO: Run Behavior\ContentReplaceBehavior [ RunTime:0.000057s ]
INFO: [ template_filter ] --END-- [ RunTime:0.000094s ]
INFO: Run Behavior\ParseTemplateBehavior [ RunTime:0.006013s ]
INFO: [ view_parse ] --END-- [ RunTime:0.006061s ]
INFO: [ view_filter ] --START--
INFO: Run Behavior\WriteHtmlCacheBehavior [ RunTime:0.000064s ]
INFO: [ view_filter ] --END-- [ RunTime:0.000080s ]
INFO: [ app_end ] --START--
INFO: Run Behavior\ShowPageTraceBehavior [ RunTime:0.000099s ]
INFO: [ app_end ] --END-- [ RunTime:0.000741s ]

[ 2018-09-02T16:30:35+08:00 ] 127.0.0.1 /~mac/flower/
INFO: [ app_init ] --START--
INFO: Run Behavior\BuildLiteBehavior [ RunTime:0.000006s ]
INFO: [ app_init ] --END-- [ RunTime:0.000042s ]
INFO: [ app_begin ] --START--
INFO: Run Behavior\ReadHtmlCacheBehavior [ RunTime:0.000027s ]
INFO: [ app_begin ] --END-- [ RunTime:0.000039s ]
INFO: [ view_parse ] --START--
INFO: [ template_filter ] --START--
INFO: Run Behavior\ContentReplaceBehavior [ RunTime:0.000055s ]
INFO: [ template_filter ] --END-- [ RunTime:0.000100s ]
INFO: Run Behavior\ParseTemplateBehavior [ RunTime:0.008537s ]
INFO: [ view_parse ] --END-- [ RunTime:0.008572s ]
INFO: [ view_filter ] --START--
INFO: Run Behavior\WriteHtmlCacheBehavior [ RunTime:0.000056s ]
INFO: [ view_filter ] --END-- [ RunTime:0.000072s ]
INFO: [ app_end ] --START--
INFO: Run Behavior\ShowPageTraceBehavior [ RunTime:0.000124s ]
INFO: [ app_end ] --END-- [ RunTime:0.000155s ]

[ 2018-09-02T16:30:51+08:00 ] 127.0.0.1 /~mac/flower/
INFO: [ app_init ] --START--
INFO: Run Behavior\BuildLiteBehavior [ RunTime:0.000010s ]
INFO: [ app_init ] --END-- [ RunTime:0.000072s ]
INFO: [ app_begin ] --START--
INFO: Run Behavior\ReadHtmlCacheBehavior [ RunTime:0.000051s ]
INFO: [ app_begin ] --END-- [ RunTime:0.000076s ]
INFO: [ view_parse ] --START--
INFO: [ template_filter ] --START--
INFO: Run Behavior\ContentReplaceBehavior [ RunTime:0.000131s ]
INFO: [ template_filter ] --END-- [ RunTime:0.000174s ]
INFO: Run Behavior\ParseTemplateBehavior [ RunTime:0.002635s ]
INFO: [ view_parse ] --END-- [ RunTime:0.002663s ]
INFO: [ view_filter ] --START--
INFO: Run Behavior\WriteHtmlCacheBehavior [ RunTime:0.000041s ]
INFO: [ view_filter ] --END-- [ RunTime:0.000051s ]
INFO: [ app_end ] --START--
INFO: Run Behavior\ShowPageTraceBehavior [ RunTime:0.000045s ]
INFO: [ app_end ] --END-- [ RunTime:0.000059s ]

[ 2018-09-02T16:31:22+08:00 ] 127.0.0.1 /~mac/flower/
INFO: [ app_init ] --START--
INFO: Run Behavior\BuildLiteBehavior [ RunTime:0.000006s ]
INFO: [ app_init ] --END-- [ RunTime:0.000052s ]
INFO: [ app_begin ] --START--
INFO: Run Behavior\ReadHtmlCacheBehavior [ RunTime:0.000039s ]
INFO: [ app_begin ] --END-- [ RunTime:0.000059s ]
INFO: [ view_parse ] --START--
INFO: [ template_filter ] --START--
INFO: Run Behavior\ContentReplaceBehavior [ RunTime:0.000045s ]
INFO: [ template_filter ] --END-- [ RunTime:0.000070s ]
INFO: Run Behavior\ParseTemplateBehavior [ RunTime:0.002217s ]
INFO: [ view_parse ] --END-- [ RunTime:0.002243s ]
INFO: [ view_filter ] --START--
INFO: Run Behavior\WriteHtmlCacheBehavior [ RunTime:0.000120s ]
INFO: [ view_filter ] --END-- [ RunTime:0.000156s ]
INFO: [ app_end ] --START--
INFO: Run Behavior\ShowPageTraceBehavior [ RunTime:0.000065s ]
INFO: [ app_end ] --END-- [ RunTime:0.000084s ]

[ 2018-09-02T16:32:15+08:00 ] 127.0.0.1 /~mac/flower/
INFO: [ app_init ] --START--
INFO: Run Behavior\BuildLiteBehavior [ RunTime:0.000011s ]
INFO: [ app_init ] --END-- [ RunTime:0.000089s ]
INFO: [ app_begin ] --START--
INFO: Run Behavior\ReadHtmlCacheBehavior [ RunTime:0.000045s ]
INFO: [ app_begin ] --END-- [ RunTime:0.000064s ]
INFO: [ view_parse ] --START--
INFO: [ template_filter ] --START--
INFO: Run Behavior\ContentReplaceBehavior [ RunTime:0.000041s ]
INFO: [ template_filter ] --END-- [ RunTime:0.000064s ]
INFO: Run Behavior\ParseTemplateBehavior [ RunTime:0.002118s ]
INFO: [ view_parse ] --END-- [ RunTime:0.002141s ]
INFO: [ view_filter ] --START--
INFO: Run Behavior\WriteHtmlCacheBehavior [ RunTime:0.000047s ]
INFO: [ view_filter ] --END-- [ RunTime:0.000057s ]
INFO: [ app_end ] --START--
INFO: Run Behavior\ShowPageTraceBehavior [ RunTime:0.000036s ]
INFO: [ app_end ] --END-- [ RunTime:0.000051s ]

[ 2018-09-02T16:32:54+08:00 ] 127.0.0.1 /~mac/flower/index.php/Home/Index/index.html
INFO: [ app_init ] --START--
INFO: Run Behavior\BuildLiteBehavior [ RunTime:0.000006s ]
INFO: [ app_init ] --END-- [ RunTime:0.000043s ]
INFO: [ app_begin ] --START--
INFO: Run Behavior\ReadHtmlCacheBehavior [ RunTime:0.000029s ]
INFO: [ app_begin ] --END-- [ RunTime:0.000043s ]
NOTIC: [8] Undefined index: remark /Users/mac/Sites/flower/Application/Home/Controller/IndexController.class.php 第 64 行.

[ 2018-09-02T16:33:14+08:00 ] 127.0.0.1 /~mac/flower/index.php/Home/Index/index.html
INFO: [ app_init ] --START--
INFO: Run Behavior\BuildLiteBehavior [ RunTime:0.000006s ]
INFO: [ app_init ] --END-- [ RunTime:0.000047s ]
INFO: [ app_begin ] --START--
INFO: Run Behavior\ReadHtmlCacheBehavior [ RunTime:0.000032s ]
INFO: [ app_begin ] --END-- [ RunTime:0.000044s ]
NOTIC: [8] Undefined index: remark /Users/mac/Sites/flower/Application/Home/Controller/IndexController.class.php 第 64 行.

[ 2018-09-02T16:33:37+08:00 ] 127.0.0.1 /~mac/flower/index.php/Home/Index/index.html
INFO: [ app_init ] --START--
INFO: Run Behavior\BuildLiteBehavior [ RunTime:0.000009s ]
INFO: [ app_init ] --END-- [ RunTime:0.000071s ]
INFO: [ app_begin ] --START--
INFO: Run Behavior\ReadHtmlCacheBehavior [ RunTime:0.000051s ]
INFO: [ app_begin ] --END-- [ RunTime:0.000070s ]
NOTIC: [8] Undefined index: remark /Users/mac/Sites/flower/Application/Home/Controller/IndexController.class.php 第 64 行.

[ 2018-09-02T16:34:06+08:00 ] 127.0.0.1 /~mac/flower/index.php/Home/Index/index.html
INFO: [ app_init ] --START--
INFO: Run Behavior\BuildLiteBehavior [ RunTime:0.000010s ]
INFO: [ app_init ] --END-- [ RunTime:0.000073s ]
INFO: [ app_begin ] --START--
INFO: Run Behavior\ReadHtmlCacheBehavior [ RunTime:0.000048s ]
INFO: [ app_begin ] --END-- [ RunTime:0.000068s ]

[ 2018-09-02T16:34:34+08:00 ] 127.0.0.1 /~mac/flower/
INFO: [ app_init ] --START--
INFO: Run Behavior\BuildLiteBehavior [ RunTime:0.000008s ]
INFO: [ app_init ] --END-- [ RunTime:0.000057s ]
INFO: [ app_begin ] --START--
INFO: Run Behavior\ReadHtmlCacheBehavior [ RunTime:0.000062s ]
INFO: [ app_begin ] --END-- [ RunTime:0.000083s ]
INFO: [ view_parse ] --START--
INFO: [ template_filter ] --START--
INFO: Run Behavior\ContentReplaceBehavior [ RunTime:0.000046s ]
INFO: [ template_filter ] --END-- [ RunTime:0.000075s ]
INFO: Run Behavior\ParseTemplateBehavior [ RunTime:0.002628s ]
INFO: [ view_parse ] --END-- [ RunTime:0.002679s ]
INFO: [ view_filter ] --START--
INFO: Run Behavior\WriteHtmlCacheBehavior [ RunTime:0.000069s ]
INFO: [ view_filter ] --END-- [ RunTime:0.000083s ]
INFO: [ app_end ] --START--
INFO: Run Behavior\ShowPageTraceBehavior [ RunTime:0.000128s ]
INFO: [ app_end ] --END-- [ RunTime:0.000183s ]

[ 2018-09-02T16:34:56+08:00 ] 127.0.0.1 /~mac/flower/index.php/Home/Index/index.html
INFO: [ app_init ] --START--
INFO: Run Behavior\BuildLiteBehavior [ RunTime:0.000007s ]
INFO: [ app_init ] --END-- [ RunTime:0.000049s ]
INFO: [ app_begin ] --START--
INFO: Run Behavior\ReadHtmlCacheBehavior [ RunTime:0.000029s ]
INFO: [ app_begin ] --END-- [ RunTime:0.000041s ]

[ 2018-09-02T16:35:05+08:00 ] 127.0.0.1 /~mac/flower/index.php/Home/Index/index.html
INFO: [ app_init ] --START--
INFO: Run Behavior\BuildLiteBehavior [ RunTime:0.000008s ]
INFO: [ app_init ] --END-- [ RunTime:0.000063s ]
INFO: [ app_begin ] --START--
INFO: Run Behavior\ReadHtmlCacheBehavior [ RunTime:0.000037s ]
INFO: [ app_begin ] --END-- [ RunTime:0.000055s ]
NOTIC: [2] Invalid argument supplied for foreach() /Users/mac/Sites/flower/Application/Home/Controller/IndexController.class.php 第 62 行.
NOTIC: [8] Undefined index: code /Users/mac/Sites/flower/Application/Home/Controller/IndexController.class.php 第 17 行.

[ 2018-09-02T16:35:26+08:00 ] 127.0.0.1 /~mac/flower/index.php/Home/Index/index.html
INFO: [ app_init ] --START--
INFO: Run Behavior\BuildLiteBehavior [ RunTime:0.000007s ]
INFO: [ app_init ] --END-- [ RunTime:0.000052s ]
INFO: [ app_begin ] --START--
INFO: Run Behavior\ReadHtmlCacheBehavior [ RunTime:0.000034s ]
INFO: [ app_begin ] --END-- [ RunTime:0.000051s ]
NOTIC: [2] Invalid argument supplied for foreach() /Users/mac/Sites/flower/Application/Home/Controller/IndexController.class.php 第 61 行.
NOTIC: [8] Undefined index: code /Users/mac/Sites/flower/Application/Home/Controller/IndexController.class.php 第 17 行.
SQL: SHOW COLUMNS FROM `fl_order` [ RunTime:0.6368s ]
SQL: INSERT INTO `fl_order` (`time`,`ideal_total_price`,`reality_total_price`,`remark`) VALUES ('2018-09-02 16:35:15','16000','18000','') [ RunTime:0.6037s ]

[ 2018-09-02T16:36:40+08:00 ] 127.0.0.1 /~mac/flower/index.php/Home/Index/index.html
INFO: [ app_init ] --START--
INFO: Run Behavior\BuildLiteBehavior [ RunTime:0.000006s ]
INFO: [ app_init ] --END-- [ RunTime:0.000048s ]
INFO: [ app_begin ] --START--
INFO: Run Behavior\ReadHtmlCacheBehavior [ RunTime:0.000033s ]
INFO: [ app_begin ] --END-- [ RunTime:0.000047s ]
NOTIC: [2] Invalid argument supplied for foreach() /Users/mac/Sites/flower/Application/Home/Controller/IndexController.class.php 第 63 行.
NOTIC: [8] Undefined index: code /Users/mac/Sites/flower/Application/Home/Controller/IndexController.class.php 第 17 行.

[ 2018-09-02T16:38:56+08:00 ] 127.0.0.1 /~mac/flower/index.php/Home/Index/index.html
INFO: [ app_init ] --START--
INFO: Run Behavior\BuildLiteBehavior [ RunTime:0.000006s ]
INFO: [ app_init ] --END-- [ RunTime:0.000049s ]
INFO: [ app_begin ] --START--
INFO: Run Behavior\ReadHtmlCacheBehavior [ RunTime:0.000034s ]
INFO: [ app_begin ] --END-- [ RunTime:0.000048s ]
NOTIC: [2] Invalid argument supplied for foreach() /Users/mac/Sites/flower/Application/Home/Controller/IndexController.class.php 第 64 行.
NOTIC: [8] Undefined index: code /Users/mac/Sites/flower/Application/Home/Controller/IndexController.class.php 第 17 行.
SQL: SHOW COLUMNS FROM `fl_order` [ RunTime:0.6145s ]
SQL: INSERT INTO `fl_order` (`time`,`ideal_total_price`,`reality_total_price`,`remark`) VALUES ('2018-09-02 16:38:47','16000','18000','') [ RunTime:0.6201s ]
SQL: SHOW COLUMNS FROM `fl_order_info` [ RunTime:0.5046s ]
NOTIC: [8] Undefined offset: 0 /Users/mac/Sites/flower/ThinkPHP/Library/Think/Db/Driver/Mysql.class.php 第 115 行.
INFO: [ app_end ] --START--
INFO: Run Behavior\ShowPageTraceBehavior [ RunTime:0.000107s ]
INFO: [ app_end ] --END-- [ RunTime:0.000132s ]

[ 2018-09-02T16:43:53+08:00 ] 127.0.0.1 /~mac/flower/index.php/Home/Index/index.html
INFO: [ app_init ] --START--
INFO: Run Behavior\BuildLiteBehavior [ RunTime:0.000009s ]
INFO: [ app_init ] --END-- [ RunTime:0.000077s ]
INFO: [ app_begin ] --START--
INFO: Run Behavior\ReadHtmlCacheBehavior [ RunTime:0.000057s ]
INFO: [ app_begin ] --END-- [ RunTime:0.000081s ]
NOTIC: [2] Invalid argument supplied for foreach() /Users/mac/Sites/flower/Application/Home/Controller/IndexController.class.php 第 71 行.
NOTIC: [8] Undefined index: code /Users/mac/Sites/flower/Application/Home/Controller/IndexController.class.php 第 17 行.
NOTIC: [8] Undefined offset: 2 /Users/mac/Sites/flower/Application/Home/Controller/IndexController.class.php 第 49 行.
NOTIC: [8] Undefined offset: 3 /Users/mac/Sites/flower/Application/Home/Controller/IndexController.class.php 第 49 行.
NOTIC: [8] Undefined offset: 4 /Users/mac/Sites/flower/Application/Home/Controller/IndexController.class.php 第 49 行.

[ 2018-09-02T17:00:58+08:00 ] 127.0.0.1 /~mac/flower/index.php/Home/Index/index.html
INFO: [ app_init ] --START--
INFO: Run Behavior\BuildLiteBehavior [ RunTime:0.000010s ]
INFO: [ app_init ] --END-- [ RunTime:0.000089s ]
INFO: [ app_begin ] --START--
INFO: Run Behavior\ReadHtmlCacheBehavior [ RunTime:0.000057s ]
INFO: [ app_begin ] --END-- [ RunTime:0.000080s ]
NOTIC: [2] Invalid argument supplied for foreach() /Users/mac/Sites/flower/Application/Home/Controller/IndexController.class.php 第 72 行.
NOTIC: [8] Undefined index: code /Users/mac/Sites/flower/Application/Home/Controller/IndexController.class.php 第 17 行.
NOTIC: [8] Undefined offset: 2 /Users/mac/Sites/flower/Application/Home/Controller/IndexController.class.php 第 50 行.
NOTIC: [8] Undefined offset: 3 /Users/mac/Sites/flower/Application/Home/Controller/IndexController.class.php 第 50 行.
NOTIC: [8] Undefined offset: 4 /Users/mac/Sites/flower/Application/Home/Controller/IndexController.class.php 第 50 行.

[ 2018-09-02T17:03:29+08:00 ] 127.0.0.1 /~mac/flower/index.php/Home/Index/index.html
INFO: [ app_init ] --START--
INFO: Run Behavior\BuildLiteBehavior [ RunTime:0.000008s ]
INFO: [ app_init ] --END-- [ RunTime:0.000071s ]
INFO: [ app_begin ] --START--
INFO: Run Behavior\ReadHtmlCacheBehavior [ RunTime:0.000048s ]
INFO: [ app_begin ] --END-- [ RunTime:0.000067s ]
NOTIC: [2] Invalid argument supplied for foreach() /Users/mac/Sites/flower/Application/Home/Controller/IndexController.class.php 第 72 行.
NOTIC: [8] Undefined index: code /Users/mac/Sites/flower/Application/Home/Controller/IndexController.class.php 第 17 行.

[ 2018-09-02T17:06:08+08:00 ] 127.0.0.1 /~mac/flower/index.php/Home/Index/index.html
INFO: [ app_init ] --START--
INFO: Run Behavior\BuildLiteBehavior [ RunTime:0.000009s ]
INFO: [ app_init ] --END-- [ RunTime:0.000072s ]
INFO: [ app_begin ] --START--
INFO: Run Behavior\ReadHtmlCacheBehavior [ RunTime:0.000056s ]
INFO: [ app_begin ] --END-- [ RunTime:0.000077s ]
NOTIC: [2] Invalid argument supplied for foreach() /Users/mac/Sites/flower/Application/Home/Controller/IndexController.class.php 第 72 行.
NOTIC: [8] Undefined index: code /Users/mac/Sites/flower/Application/Home/Controller/IndexController.class.php 第 17 行.

[ 2018-09-02T17:09:57+08:00 ] 127.0.0.1 /~mac/flower/index.php/Home/Index/index.html
INFO: [ app_init ] --START--
INFO: Run Behavior\BuildLiteBehavior [ RunTime:0.000009s ]
INFO: [ app_init ] --END-- [ RunTime:0.000073s ]
INFO: [ app_begin ] --START--
INFO: Run Behavior\ReadHtmlCacheBehavior [ RunTime:0.000058s ]
INFO: [ app_begin ] --END-- [ RunTime:0.000082s ]
NOTIC: [2] Invalid argument supplied for foreach() /Users/mac/Sites/flower/Application/Home/Controller/IndexController.class.php 第 72 行.
NOTIC: [8] Undefined index: code /Users/mac/Sites/flower/Application/Home/Controller/IndexController.class.php 第 17 行.

[ 2018-09-02T17:12:07+08:00 ] 127.0.0.1 /~mac/flower/index.php/Home/Index/index.html
INFO: [ app_init ] --START--
INFO: Run Behavior\BuildLiteBehavior [ RunTime:0.000009s ]
INFO: [ app_init ] --END-- [ RunTime:0.000074s ]
INFO: [ app_begin ] --START--
INFO: Run Behavior\ReadHtmlCacheBehavior [ RunTime:0.000053s ]
INFO: [ app_begin ] --END-- [ RunTime:0.000074s ]
NOTIC: [2] Invalid argument supplied for foreach() /Users/mac/Sites/flower/Application/Home/Controller/IndexController.class.php 第 69 行.
NOTIC: [8] Undefined index: code /Users/mac/Sites/flower/Application/Home/Controller/IndexController.class.php 第 17 行.
ERR: SQLSTATE[HY000] [2002] Operation timed out

[ 2018-09-02T17:15:24+08:00 ] 127.0.0.1 /~mac/flower/index.php/Home/Index/index.html
INFO: [ app_init ] --START--
INFO: Run Behavior\BuildLiteBehavior [ RunTime:0.000006s ]
INFO: [ app_init ] --END-- [ RunTime:0.000048s ]
INFO: [ app_begin ] --START--
INFO: Run Behavior\ReadHtmlCacheBehavior [ RunTime:0.000033s ]
INFO: [ app_begin ] --END-- [ RunTime:0.000048s ]
NOTIC: [2] Invalid argument supplied for foreach() /Users/mac/Sites/flower/Application/Home/Controller/IndexController.class.php 第 69 行.
NOTIC: [8] Undefined index: code /Users/mac/Sites/flower/Application/Home/Controller/IndexController.class.php 第 17 行.
ERR: SQLSTATE[HY000] [2002] Operation timed out

[ 2018-09-02T17:17:19+08:00 ] 127.0.0.1 /~mac/flower/index.php/Home/Index/index.html
INFO: [ app_init ] --START--
INFO: Run Behavior\BuildLiteBehavior [ RunTime:0.000010s ]
INFO: [ app_init ] --END-- [ RunTime:0.000167s ]
INFO: [ app_begin ] --START--
INFO: Run Behavior\ReadHtmlCacheBehavior [ RunTime:0.000109s ]
INFO: [ app_begin ] --END-- [ RunTime:0.000133s ]
NOTIC: [2] Invalid argument supplied for foreach() /Users/mac/Sites/flower/Application/Home/Controller/IndexController.class.php 第 69 行.
NOTIC: [8] Undefined index: code /Users/mac/Sites/flower/Application/Home/Controller/IndexController.class.php 第 17 行.
SQL: SHOW COLUMNS FROM `fl_order` [ RunTime:0.3705s ]
SQL: INSERT INTO `fl_order` (`time`,`ideal_total_price`,`reality_total_price`,`remark`) VALUES ('2018-09-02 17:17:09','16000','18000','') [ RunTime:0.4647s ]
SQL: SHOW COLUMNS FROM `fl_order_info` [ RunTime:0.4641s ]
ERR: 1062:Duplicate entry '0' for key 'PRIMARY'
 [ SQL语句 ] : INSERT INTO `fl_order_info` (`goods_name`,`goods_standards`,`goods_number`,`ideal_price`,`reality_price`) VALUES ('花卉1 ','瓶','1','60','90'),('234','瓶','1','100','90')
ERR: 1062:Duplicate entry '0' for key 'PRIMARY'
 [ SQL语句 ] : INSERT INTO `fl_order_info` (`goods_name`,`goods_standards`,`goods_number`,`ideal_price`,`reality_price`) VALUES ('花卉1 ','瓶','1','60','90'),('234','瓶','1','100','90')

[ 2018-09-02T17:22:49+08:00 ] 127.0.0.1 /~mac/flower/index.php/Home/Index/index.html
INFO: [ app_init ] --START--
INFO: Run Behavior\BuildLiteBehavior [ RunTime:0.000012s ]
INFO: [ app_init ] --END-- [ RunTime:0.000302s ]
INFO: [ app_begin ] --START--
INFO: Run Behavior\ReadHtmlCacheBehavior [ RunTime:0.000234s ]
INFO: [ app_begin ] --END-- [ RunTime:0.000313s ]
NOTIC: [2] Invalid argument supplied for foreach() /Users/mac/Sites/flower/Application/Home/Controller/IndexController.class.php 第 72 行.
NOTIC: [8] Undefined index: code /Users/mac/Sites/flower/Application/Home/Controller/IndexController.class.php 第 17 行.
SQL: SHOW COLUMNS FROM `fl_order` [ RunTime:0.5449s ]
SQL: INSERT INTO `fl_order` (`time`,`ideal_total_price`,`reality_total_price`,`remark`) VALUES ('2018-09-02 17:22:39','16000','18000','') [ RunTime:0.7050s ]
SQL: SHOW COLUMNS FROM `fl_order_info` [ RunTime:0.6145s ]
SQL: INSERT INTO `fl_order_info` (`goods_name`,`goods_standards`,`goods_number`,`ideal_price`,`reality_price`) VALUES ('花卉1 ','瓶','1','60','90'),('234','瓶','1','100','90') [ RunTime:0.2659s ]

[ 2018-09-02T17:22:57+08:00 ] 127.0.0.1 /~mac/flower/index.php/Home/Index/index.html
INFO: [ app_init ] --START--
INFO: Run Behavior\BuildLiteBehavior [ RunTime:0.000013s ]
INFO: [ app_init ] --END-- [ RunTime:0.000220s ]
INFO: [ app_begin ] --START--
INFO: Run Behavior\ReadHtmlCacheBehavior [ RunTime:0.000095s ]
INFO: [ app_begin ] --END-- [ RunTime:0.000141s ]
NOTIC: [2] Invalid argument supplied for foreach() /Users/mac/Sites/flower/Application/Home/Controller/IndexController.class.php 第 72 行.
NOTIC: [8] Undefined index: code /Users/mac/Sites/flower/Application/Home/Controller/IndexController.class.php 第 17 行.
SQL: SHOW COLUMNS FROM `fl_order` [ RunTime:0.5905s ]
SQL: INSERT INTO `fl_order` (`time`,`ideal_total_price`,`reality_total_price`,`remark`) VALUES ('2018-09-02 17:22:49','16000','18000','') [ RunTime:0.2961s ]
SQL: SHOW COLUMNS FROM `fl_order_info` [ RunTime:0.2192s ]
SQL: INSERT INTO `fl_order_info` (`goods_name`,`goods_standards`,`goods_number`,`ideal_price`,`reality_price`) VALUES ('花卉1 ','瓶','1','60','90'),('234','瓶','1','100','90') [ RunTime:0.2964s ]

[ 2018-09-02T17:24:42+08:00 ] 127.0.0.1 /~mac/flower/index.php/Home/Index/index.html
INFO: [ app_init ] --START--
INFO: Run Behavior\BuildLiteBehavior [ RunTime:0.000009s ]
INFO: [ app_init ] --END-- [ RunTime:0.000117s ]
INFO: [ app_begin ] --START--
INFO: Run Behavior\ReadHtmlCacheBehavior [ RunTime:0.000103s ]
INFO: [ app_begin ] --END-- [ RunTime:0.000135s ]
NOTIC: [2] Invalid argument supplied for foreach() /Users/mac/Sites/flower/Application/Home/Controller/IndexController.class.php 第 72 行.
NOTIC: [8] Undefined index: code /Users/mac/Sites/flower/Application/Home/Controller/IndexController.class.php 第 17 行.
SQL: SHOW COLUMNS FROM `fl_order` [ RunTime:0.2403s ]
SQL: INSERT INTO `fl_order` (`time`,`ideal_total_price`,`reality_total_price`,`remark`) VALUES ('2018-09-02 17:24:31','16000','18000','') [ RunTime:1.1480s ]
SQL: SHOW COLUMNS FROM `fl_order_info` [ RunTime:0.5643s ]
ERR: 1062:Duplicate entry '18' for key 'PRIMARY'
 [ SQL语句 ] : INSERT INTO `fl_order_info` (`goods_name`,`goods_standards`,`goods_number`,`ideal_price`,`reality_price`,`id`) VALUES ('花卉1 ','瓶','1','60','90','18'),('234','瓶','1','100','90','18')
ERR: 1062:Duplicate entry '18' for key 'PRIMARY'
 [ SQL语句 ] : INSERT INTO `fl_order_info` (`goods_name`,`goods_standards`,`goods_number`,`ideal_price`,`reality_price`,`id`) VALUES ('花卉1 ','瓶','1','60','90','18'),('234','瓶','1','100','90','18')

[ 2018-09-02T17:26:22+08:00 ] 127.0.0.1 /~mac/flower/index.php/Home/Index/index.html
INFO: [ app_init ] --START--
INFO: Run Behavior\BuildLiteBehavior [ RunTime:0.000008s ]
INFO: [ app_init ] --END-- [ RunTime:0.000058s ]
INFO: [ app_begin ] --START--
INFO: Run Behavior\ReadHtmlCacheBehavior [ RunTime:0.000041s ]
INFO: [ app_begin ] --END-- [ RunTime:0.000058s ]
NOTIC: [2] Invalid argument supplied for foreach() /Users/mac/Sites/flower/Application/Home/Controller/IndexController.class.php 第 72 行.
NOTIC: [8] Undefined index: code /Users/mac/Sites/flower/Application/Home/Controller/IndexController.class.php 第 17 行.
SQL: SHOW COLUMNS FROM `fl_order` [ RunTime:0.3057s ]
SQL: INSERT INTO `fl_order` (`time`,`ideal_total_price`,`reality_total_price`,`remark`) VALUES ('2018-09-02 17:26:12','16000','18000','') [ RunTime:0.3058s ]
SQL: SHOW COLUMNS FROM `fl_order_info` [ RunTime:0.6153s ]
ERR: 1062:Duplicate entry '19' for key 'PRIMARY'
 [ SQL语句 ] : INSERT INTO `fl_order_info` (`goods_name`,`goods_standards`,`goods_number`,`ideal_price`,`reality_price`,`id`) VALUES ('花卉1 ','瓶','1','60','90','19'),('234','瓶','1','100','90','19')
ERR: 1062:Duplicate entry '19' for key 'PRIMARY'
 [ SQL语句 ] : INSERT INTO `fl_order_info` (`goods_name`,`goods_standards`,`goods_number`,`ideal_price`,`reality_price`,`id`) VALUES ('花卉1 ','瓶','1','60','90','19'),('234','瓶','1','100','90','19')

[ 2018-09-02T17:26:58+08:00 ] 127.0.0.1 /~mac/flower/index.php/Home/Index/index.html
INFO: [ app_init ] --START--
INFO: Run Behavior\BuildLiteBehavior [ RunTime:0.000009s ]
INFO: [ app_init ] --END-- [ RunTime:0.000063s ]
INFO: [ app_begin ] --START--
INFO: Run Behavior\ReadHtmlCacheBehavior [ RunTime:0.000041s ]
INFO: [ app_begin ] --END-- [ RunTime:0.000058s ]
NOTIC: [2] Invalid argument supplied for foreach() /Users/mac/Sites/flower/Application/Home/Controller/IndexController.class.php 第 72 行.
NOTIC: [8] Undefined index: code /Users/mac/Sites/flower/Application/Home/Controller/IndexController.class.php 第 17 行.
SQL: SHOW COLUMNS FROM `fl_order` [ RunTime:0.6090s ]
SQL: INSERT INTO `fl_order` (`time`,`ideal_total_price`,`reality_total_price`,`remark`) VALUES ('2018-09-02 17:26:50','16000','18000','') [ RunTime:0.6274s ]
SQL: SHOW COLUMNS FROM `fl_order_info` [ RunTime:0.4988s ]
SQL: INSERT INTO `fl_order_info` (`goods_name`,`goods_standards`,`goods_number`,`ideal_price`,`reality_price`,`order_id`) VALUES ('花卉1 ','瓶','1','60','90','20'),('234','瓶','1','100','90','20') [ RunTime:0.4080s ]

[ 2018-09-02T17:27:30+08:00 ] 127.0.0.1 /~mac/flower/index.php/Home/Index/index.html
INFO: [ app_init ] --START--
INFO: Run Behavior\BuildLiteBehavior [ RunTime:0.000008s ]
INFO: [ app_init ] --END-- [ RunTime:0.000059s ]
INFO: [ app_begin ] --START--
INFO: Run Behavior\ReadHtmlCacheBehavior [ RunTime:0.000036s ]
INFO: [ app_begin ] --END-- [ RunTime:0.000051s ]
NOTIC: [2] Invalid argument supplied for foreach() /Users/mac/Sites/flower/Application/Home/Controller/IndexController.class.php 第 72 行.
NOTIC: [8] Undefined index: code /Users/mac/Sites/flower/Application/Home/Controller/IndexController.class.php 第 17 行.
SQL: SHOW COLUMNS FROM `fl_order` [ RunTime:0.6145s ]
SQL: INSERT INTO `fl_order` (`time`,`ideal_total_price`,`reality_total_price`,`remark`) VALUES ('2018-09-02 17:27:19','16000','18000','sdfsdf') [ RunTime:0.6083s ]
SQL: SHOW COLUMNS FROM `fl_order_info` [ RunTime:0.6141s ]
SQL: INSERT INTO `fl_order_info` (`goods_name`,`goods_standards`,`goods_number`,`ideal_price`,`reality_price`,`order_id`) VALUES ('花卉1 ','瓶','1','60','90','21'),('234','瓶','1','100','90','21') [ RunTime:0.4000s ]

[ 2018-09-02T17:27:40+08:00 ] 127.0.0.1 /~mac/flower/index.php/Home/Index/index.html
INFO: [ app_init ] --START--
INFO: Run Behavior\BuildLiteBehavior [ RunTime:0.000007s ]
INFO: [ app_init ] --END-- [ RunTime:0.000052s ]
INFO: [ app_begin ] --START--
INFO: Run Behavior\ReadHtmlCacheBehavior [ RunTime:0.000112s ]
INFO: [ app_begin ] --END-- [ RunTime:0.000138s ]
NOTIC: [2] Invalid argument supplied for foreach() /Users/mac/Sites/flower/Application/Home/Controller/IndexController.class.php 第 72 行.
NOTIC: [8] Undefined index: code /Users/mac/Sites/flower/Application/Home/Controller/IndexController.class.php 第 17 行.
SQL: SHOW COLUMNS FROM `fl_order` [ RunTime:0.5774s ]
SQL: INSERT INTO `fl_order` (`time`,`ideal_total_price`,`reality_total_price`,`remark`) VALUES ('2018-09-02 17:27:30','16000','18000','史蒂夫') [ RunTime:0.8840s ]
SQL: SHOW COLUMNS FROM `fl_order_info` [ RunTime:0.6957s ]
SQL: INSERT INTO `fl_order_info` (`goods_name`,`goods_standards`,`goods_number`,`ideal_price`,`reality_price`,`order_id`) VALUES ('花卉1 ','瓶','1','60','90','22'),('234','瓶','1','100','90','22') [ RunTime:0.4934s ]

[ 2018-09-02T17:28:23+08:00 ] 127.0.0.1 /~mac/flower/index.php/Home/Index/index.html
INFO: [ app_init ] --START--
INFO: Run Behavior\BuildLiteBehavior [ RunTime:0.000006s ]
INFO: [ app_init ] --END-- [ RunTime:0.000057s ]
INFO: [ app_begin ] --START--
INFO: Run Behavior\ReadHtmlCacheBehavior [ RunTime:0.000053s ]
INFO: [ app_begin ] --END-- [ RunTime:0.000077s ]
NOTIC: [2] Invalid argument supplied for foreach() /Users/mac/Sites/flower/Application/Home/Controller/IndexController.class.php 第 72 行.
NOTIC: [8] Undefined index: code /Users/mac/Sites/flower/Application/Home/Controller/IndexController.class.php 第 17 行.

[ 2018-09-02T17:29:23+08:00 ] 127.0.0.1 /~mac/flower/index.php/Home/Index/index.html
INFO: [ app_init ] --START--
INFO: Run Behavior\BuildLiteBehavior [ RunTime:0.000010s ]
INFO: [ app_init ] --END-- [ RunTime:0.000078s ]
INFO: [ app_begin ] --START--
INFO: Run Behavior\ReadHtmlCacheBehavior [ RunTime:0.000037s ]
INFO: [ app_begin ] --END-- [ RunTime:0.000052s ]
NOTIC: [2] Invalid argument supplied for foreach() /Users/mac/Sites/flower/Application/Home/Controller/IndexController.class.php 第 73 行.
NOTIC: [8] Undefined index: code /Users/mac/Sites/flower/Application/Home/Controller/IndexController.class.php 第 17 行.
SQL: SHOW COLUMNS FROM `fl_order` [ RunTime:0.5988s ]
SQL: INSERT INTO `fl_order` (`time`,`ideal_total_price`,`reality_total_price`,`remark`) VALUES ('2018-09-02 17:29:13','16000','18000','史蒂夫') [ RunTime:0.6167s ]
SQL: SHOW COLUMNS FROM `fl_order_info` [ RunTime:0.6109s ]
SQL: INSERT INTO `fl_order_info` (`goods_name`,`goods_standards`,`goods_number`,`ideal_price`,`reality_price`,`order_id`) VALUES ('花卉1 ','瓶','1','60','90','23'),('234','瓶','1','100','90','23') [ RunTime:0.6162s ]

[ 2018-09-02T17:29:49+08:00 ] 127.0.0.1 /~mac/flower/index.php/Home/Index/index.html
INFO: [ app_init ] --START--
INFO: Run Behavior\BuildLiteBehavior [ RunTime:0.000053s ]
INFO: [ app_init ] --END-- [ RunTime:0.000376s ]
INFO: [ app_begin ] --START--
INFO: Run Behavior\ReadHtmlCacheBehavior [ RunTime:0.000038s ]
INFO: [ app_begin ] --END-- [ RunTime:0.000054s ]
NOTIC: [2] Invalid argument supplied for foreach() /Users/mac/Sites/flower/Application/Home/Controller/IndexController.class.php 第 74 行.
NOTIC: [8] Undefined index: code /Users/mac/Sites/flower/Application/Home/Controller/IndexController.class.php 第 17 行.

[ 2018-09-02T17:31:20+08:00 ] 127.0.0.1 /~mac/flower/index.php/Home/Index/index.html
INFO: [ app_init ] --START--
INFO: Run Behavior\BuildLiteBehavior [ RunTime:0.000007s ]
INFO: [ app_init ] --END-- [ RunTime:0.000050s ]
INFO: [ app_begin ] --START--
INFO: Run Behavior\ReadHtmlCacheBehavior [ RunTime:0.000033s ]
INFO: [ app_begin ] --END-- [ RunTime:0.000046s ]
NOTIC: [2] Invalid argument supplied for foreach() /Users/mac/Sites/flower/Application/Home/Controller/IndexController.class.php 第 71 行.
NOTIC: [8] Undefined index: code /Users/mac/Sites/flower/Application/Home/Controller/IndexController.class.php 第 15 行.
SQL: SHOW COLUMNS FROM `fl_order` [ RunTime:0.6572s ]
SQL: INSERT INTO `fl_order` (`time`,`ideal_total_price`,`reality_total_price`,`remark`) VALUES ('2018-09-02 17:31:08','16000','18000','史蒂夫') [ RunTime:0.5707s ]
SQL: SHOW COLUMNS FROM `fl_order_info` [ RunTime:0.6147s ]
SQL: INSERT INTO `fl_order_info` (`goods_name`,`goods_standards`,`goods_number`,`ideal_price`,`reality_price`,`order_id`) VALUES ('花卉1 ','瓶','1','60','90','24'),('234','瓶','1','100','90','24') [ RunTime:0.6145s ]

[ 2018-09-02T17:31:20+08:00 ] 127.0.0.1 /~mac/flower/
INFO: [ app_init ] --START--
INFO: Run Behavior\BuildLiteBehavior [ RunTime:0.000010s ]
INFO: [ app_init ] --END-- [ RunTime:0.000080s ]
INFO: [ app_begin ] --START--
INFO: Run Behavior\ReadHtmlCacheBehavior [ RunTime:0.000066s ]
INFO: [ app_begin ] --END-- [ RunTime:0.000097s ]
INFO: [ view_parse ] --START--
INFO: [ template_filter ] --START--
INFO: Run Behavior\ContentReplaceBehavior [ RunTime:0.000127s ]
INFO: [ template_filter ] --END-- [ RunTime:0.000193s ]
INFO: Run Behavior\ParseTemplateBehavior [ RunTime:0.009482s ]
INFO: [ view_parse ] --END-- [ RunTime:0.009545s ]
INFO: [ view_filter ] --START--
INFO: Run Behavior\WriteHtmlCacheBehavior [ RunTime:0.000855s ]
INFO: [ view_filter ] --END-- [ RunTime:0.000905s ]
INFO: [ app_end ] --START--
INFO: Run Behavior\ShowPageTraceBehavior [ RunTime:0.000539s ]
INFO: [ app_end ] --END-- [ RunTime:0.000640s ]

[ 2018-09-02T17:31:24+08:00 ] 127.0.0.1 /~mac/flower/
INFO: [ app_init ] --START--
INFO: Run Behavior\BuildLiteBehavior [ RunTime:0.000006s ]
INFO: [ app_init ] --END-- [ RunTime:0.000045s ]
INFO: [ app_begin ] --START--
INFO: Run Behavior\ReadHtmlCacheBehavior [ RunTime:0.000029s ]
INFO: [ app_begin ] --END-- [ RunTime:0.000041s ]
INFO: [ view_parse ] --START--
INFO: [ template_filter ] --START--
INFO: Run Behavior\ContentReplaceBehavior [ RunTime:0.000045s ]
INFO: [ template_filter ] --END-- [ RunTime:0.000073s ]
INFO: Run Behavior\ParseTemplateBehavior [ RunTime:0.002965s ]
INFO: [ view_parse ] --END-- [ RunTime:0.003003s ]
INFO: [ view_filter ] --START--
INFO: Run Behavior\WriteHtmlCacheBehavior [ RunTime:0.000104s ]
INFO: [ view_filter ] --END-- [ RunTime:0.000165s ]
INFO: [ app_end ] --START--
INFO: Run Behavior\ShowPageTraceBehavior [ RunTime:0.000298s ]
INFO: [ app_end ] --END-- [ RunTime:0.000549s ]

[ 2018-09-02T17:32:06+08:00 ] 127.0.0.1 /~mac/flower/index.php/Home/Index/index.html
INFO: [ app_init ] --START--
INFO: Run Behavior\BuildLiteBehavior [ RunTime:0.000013s ]
INFO: [ app_init ] --END-- [ RunTime:0.000156s ]
INFO: [ app_begin ] --START--
INFO: Run Behavior\ReadHtmlCacheBehavior [ RunTime:0.000062s ]
INFO: [ app_begin ] --END-- [ RunTime:0.000089s ]
NOTIC: [2] Invalid argument supplied for foreach() /Users/mac/Sites/flower/Application/Home/Controller/IndexController.class.php 第 71 行.
NOTIC: [8] Undefined index: code /Users/mac/Sites/flower/Application/Home/Controller/IndexController.class.php 第 15 行.
SQL: SHOW COLUMNS FROM `fl_order` [ RunTime:0.6150s ]
SQL: INSERT INTO `fl_order` (`time`,`ideal_total_price`,`reality_total_price`,`remark`) VALUES ('2018-09-02 17:31:56','45000','32000','没有') [ RunTime:0.6363s ]
SQL: SHOW COLUMNS FROM `fl_order_info` [ RunTime:0.5973s ]
SQL: INSERT INTO `fl_order_info` (`goods_name`,`goods_standards`,`goods_number`,`ideal_price`,`reality_price`,`order_id`) VALUES ('测试1','颗','1','150','120','1'),('测试2','盆','1','300','200','1') [ RunTime:0.6320s ]

[ 2018-09-02T17:32:53+08:00 ] 127.0.0.1 /~mac/flower/
INFO: [ app_init ] --START--
INFO: Run Behavior\BuildLiteBehavior [ RunTime:0.000007s ]
INFO: [ app_init ] --END-- [ RunTime:0.000056s ]
INFO: [ app_begin ] --START--
INFO: Run Behavior\ReadHtmlCacheBehavior [ RunTime:0.000077s ]
INFO: [ app_begin ] --END-- [ RunTime:0.000142s ]
INFO: [ view_parse ] --START--
INFO: [ template_filter ] --START--
INFO: Run Behavior\ContentReplaceBehavior [ RunTime:0.000062s ]
INFO: [ template_filter ] --END-- [ RunTime:0.000094s ]
INFO: Run Behavior\ParseTemplateBehavior [ RunTime:0.006032s ]
INFO: [ view_parse ] --END-- [ RunTime:0.006066s ]
INFO: [ view_filter ] --START--
INFO: Run Behavior\WriteHtmlCacheBehavior [ RunTime:0.000078s ]
INFO: [ view_filter ] --END-- [ RunTime:0.000093s ]
INFO: [ app_end ] --START--
INFO: Run Behavior\ShowPageTraceBehavior [ RunTime:0.000120s ]
INFO: [ app_end ] --END-- [ RunTime:0.000208s ]

[ 2018-09-02T17:39:13+08:00 ] 127.0.0.1 /~mac/flower/index.php/Home/Index/index.html
INFO: [ app_init ] --START--
INFO: Run Behavior\BuildLiteBehavior [ RunTime:0.000010s ]
INFO: [ app_init ] --END-- [ RunTime:0.000079s ]
INFO: [ app_begin ] --START--
INFO: Run Behavior\ReadHtmlCacheBehavior [ RunTime:0.000062s ]
INFO: [ app_begin ] --END-- [ RunTime:0.000088s ]
NOTIC: [2] Invalid argument supplied for foreach() /Users/mac/Sites/flower/Application/Home/Controller/IndexController.class.php 第 73 行.
NOTIC: [8] Undefined index: code /Users/mac/Sites/flower/Application/Home/Controller/IndexController.class.php 第 15 行.
SQL: SHOW COLUMNS FROM `fl_order` [ RunTime:0.6152s ]
SQL: INSERT INTO `fl_order` (`time`,`ideal_total_price`,`reality_total_price`,`remark`) VALUES ('2018-09-02 17:39:02','10000','9000','没有') [ RunTime:0.6146s ]
SQL: SHOW COLUMNS FROM `fl_order_info` [ RunTime:0.6128s ]
SQL: INSERT INTO `fl_order_info` (`goods_name`,`goods_standards`,`goods_number`,`ideal_price`,`reality_price`,`order_id`) VALUES ('花卉1 ','盆','1','10000','9000','2') [ RunTime:0.6128s ]

[ 2018-09-02T17:40:51+08:00 ] 127.0.0.1 /~mac/flower/
INFO: [ app_init ] --START--
INFO: Run Behavior\BuildLiteBehavior [ RunTime:0.000013s ]
INFO: [ app_init ] --END-- [ RunTime:0.000322s ]
INFO: [ app_begin ] --START--
INFO: Run Behavior\ReadHtmlCacheBehavior [ RunTime:0.000261s ]
INFO: [ app_begin ] --END-- [ RunTime:0.000567s ]
INFO: [ view_parse ] --START--
INFO: [ template_filter ] --START--
INFO: Run Behavior\ContentReplaceBehavior [ RunTime:0.000077s ]
INFO: [ template_filter ] --END-- [ RunTime:0.000115s ]
INFO: Run Behavior\ParseTemplateBehavior [ RunTime:0.004638s ]
INFO: [ view_parse ] --END-- [ RunTime:0.004671s ]
INFO: [ view_filter ] --START--
INFO: Run Behavior\WriteHtmlCacheBehavior [ RunTime:0.000061s ]
INFO: [ view_filter ] --END-- [ RunTime:0.000072s ]
INFO: [ app_end ] --START--
INFO: Run Behavior\ShowPageTraceBehavior [ RunTime:0.000676s ]
INFO: [ app_end ] --END-- [ RunTime:0.000739s ]

[ 2018-09-02T17:57:30+08:00 ] 127.0.0.1 /~mac/flower/
INFO: [ app_init ] --START--
INFO: Run Behavior\BuildLiteBehavior [ RunTime:0.000008s ]
INFO: [ app_init ] --END-- [ RunTime:0.000077s ]
INFO: [ app_begin ] --START--
INFO: Run Behavior\ReadHtmlCacheBehavior [ RunTime:0.000056s ]
INFO: [ app_begin ] --END-- [ RunTime:0.000079s ]
INFO: [ view_parse ] --START--
INFO: [ template_filter ] --START--
INFO: Run Behavior\ContentReplaceBehavior [ RunTime:0.000081s ]
INFO: [ template_filter ] --END-- [ RunTime:0.000124s ]
INFO: Run Behavior\ParseTemplateBehavior [ RunTime:0.009932s ]
INFO: [ view_parse ] --END-- [ RunTime:0.010042s ]
INFO: [ view_filter ] --START--
INFO: Run Behavior\WriteHtmlCacheBehavior [ RunTime:0.000083s ]
INFO: [ view_filter ] --END-- [ RunTime:0.000109s ]
INFO: [ app_end ] --START--
INFO: Run Behavior\ShowPageTraceBehavior [ RunTime:0.002141s ]
INFO: [ app_end ] --END-- [ RunTime:0.002187s ]

[ 2018-09-02T17:59:07+08:00 ] 127.0.0.1 /~mac/flower/
INFO: [ app_init ] --START--
INFO: Run Behavior\BuildLiteBehavior [ RunTime:0.000009s ]
INFO: [ app_init ] --END-- [ RunTime:0.000083s ]
INFO: [ app_begin ] --START--
INFO: Run Behavior\ReadHtmlCacheBehavior [ RunTime:0.002165s ]
INFO: [ app_begin ] --END-- [ RunTime:0.002202s ]
INFO: [ view_parse ] --START--
INFO: [ template_filter ] --START--
INFO: Run Behavior\ContentReplaceBehavior [ RunTime:0.000060s ]
INFO: [ template_filter ] --END-- [ RunTime:0.000105s ]
INFO: Run Behavior\ParseTemplateBehavior [ RunTime:0.011734s ]
INFO: [ view_parse ] --END-- [ RunTime:0.011794s ]
INFO: [ view_filter ] --START--
INFO: Run Behavior\WriteHtmlCacheBehavior [ RunTime:0.000112s ]
INFO: [ view_filter ] --END-- [ RunTime:0.000133s ]
INFO: [ app_end ] --START--
INFO: Run Behavior\ShowPageTraceBehavior [ RunTime:0.007122s ]
INFO: [ app_end ] --END-- [ RunTime:0.007404s ]

[ 2018-09-02T17:59:13+08:00 ] 127.0.0.1 /~mac/flower/
INFO: [ app_init ] --START--
INFO: Run Behavior\BuildLiteBehavior [ RunTime:0.000009s ]
INFO: [ app_init ] --END-- [ RunTime:0.000064s ]
INFO: [ app_begin ] --START--
INFO: Run Behavior\ReadHtmlCacheBehavior [ RunTime:0.000043s ]
INFO: [ app_begin ] --END-- [ RunTime:0.000062s ]
INFO: [ view_parse ] --START--
INFO: [ template_filter ] --START--
INFO: Run Behavior\ContentReplaceBehavior [ RunTime:0.000060s ]
INFO: [ template_filter ] --END-- [ RunTime:0.000103s ]
INFO: Run Behavior\ParseTemplateBehavior [ RunTime:0.009040s ]
INFO: [ view_parse ] --END-- [ RunTime:0.009073s ]
INFO: [ view_filter ] --START--
INFO: Run Behavior\WriteHtmlCacheBehavior [ RunTime:0.000057s ]
INFO: [ view_filter ] --END-- [ RunTime:0.000073s ]
INFO: [ app_end ] --START--
INFO: Run Behavior\ShowPageTraceBehavior [ RunTime:0.000051s ]
INFO: [ app_end ] --END-- [ RunTime:0.000071s ]

[ 2018-09-02T17:59:46+08:00 ] 127.0.0.1 /~mac/flower/
INFO: [ app_init ] --START--
INFO: Run Behavior\BuildLiteBehavior [ RunTime:0.000011s ]
INFO: [ app_init ] --END-- [ RunTime:0.000091s ]
INFO: [ app_begin ] --START--
INFO: Run Behavior\ReadHtmlCacheBehavior [ RunTime:0.000113s ]
INFO: [ app_begin ] --END-- [ RunTime:0.000140s ]
INFO: [ view_parse ] --START--
INFO: [ template_filter ] --START--
INFO: Run Behavior\ContentReplaceBehavior [ RunTime:0.000052s ]
INFO: [ template_filter ] --END-- [ RunTime:0.000084s ]
INFO: Run Behavior\ParseTemplateBehavior [ RunTime:0.009861s ]
INFO: [ view_parse ] --END-- [ RunTime:0.009901s ]
INFO: [ view_filter ] --START--
INFO: Run Behavior\WriteHtmlCacheBehavior [ RunTime:0.000083s ]
INFO: [ view_filter ] --END-- [ RunTime:0.000104s ]
INFO: [ app_end ] --START--
INFO: Run Behavior\ShowPageTraceBehavior [ RunTime:0.000168s ]
INFO: [ app_end ] --END-- [ RunTime:0.000217s ]

[ 2018-09-02T17:59:50+08:00 ] 127.0.0.1 /~mac/flower/
INFO: [ app_init ] --START--
INFO: Run Behavior\BuildLiteBehavior [ RunTime:0.000006s ]
INFO: [ app_init ] --END-- [ RunTime:0.000046s ]
INFO: [ app_begin ] --START--
INFO: Run Behavior\ReadHtmlCacheBehavior [ RunTime:0.000028s ]
INFO: [ app_begin ] --END-- [ RunTime:0.000042s ]
INFO: [ view_parse ] --START--
INFO: [ template_filter ] --START--
INFO: Run Behavior\ContentReplaceBehavior [ RunTime:0.000042s ]
INFO: [ template_filter ] --END-- [ RunTime:0.000063s ]
INFO: Run Behavior\ParseTemplateBehavior [ RunTime:0.007646s ]
INFO: [ view_parse ] --END-- [ RunTime:0.007677s ]
INFO: [ view_filter ] --START--
INFO: Run Behavior\WriteHtmlCacheBehavior [ RunTime:0.000081s ]
INFO: [ view_filter ] --END-- [ RunTime:0.000104s ]
INFO: [ app_end ] --START--
INFO: Run Behavior\ShowPageTraceBehavior [ RunTime:0.000323s ]
INFO: [ app_end ] --END-- [ RunTime:0.000405s ]

[ 2018-09-02T18:00:16+08:00 ] 127.0.0.1 /~mac/flower/
INFO: [ app_init ] --START--
INFO: Run Behavior\BuildLiteBehavior [ RunTime:0.000007s ]
INFO: [ app_init ] --END-- [ RunTime:0.000047s ]
INFO: [ app_begin ] --START--
INFO: Run Behavior\ReadHtmlCacheBehavior [ RunTime:0.000029s ]
INFO: [ app_begin ] --END-- [ RunTime:0.000044s ]
INFO: [ view_parse ] --START--
INFO: [ template_filter ] --START--
INFO: Run Behavior\ContentReplaceBehavior [ RunTime:0.000061s ]
INFO: [ template_filter ] --END-- [ RunTime:0.000103s ]
INFO: Run Behavior\ParseTemplateBehavior [ RunTime:0.008365s ]
INFO: [ view_parse ] --END-- [ RunTime:0.008398s ]
INFO: [ view_filter ] --START--
INFO: Run Behavior\WriteHtmlCacheBehavior [ RunTime:0.000063s ]
INFO: [ view_filter ] --END-- [ RunTime:0.000083s ]
INFO: [ app_end ] --START--
INFO: Run Behavior\ShowPageTraceBehavior [ RunTime:0.000086s ]
INFO: [ app_end ] --END-- [ RunTime:0.000327s ]

[ 2018-09-02T18:00:23+08:00 ] 127.0.0.1 /~mac/flower/
INFO: [ app_init ] --START--
INFO: Run Behavior\BuildLiteBehavior [ RunTime:0.000012s ]
INFO: [ app_init ] --END-- [ RunTime:0.000140s ]
INFO: [ app_begin ] --START--
INFO: Run Behavior\ReadHtmlCacheBehavior [ RunTime:0.000044s ]
INFO: [ app_begin ] --END-- [ RunTime:0.000064s ]
INFO: [ view_parse ] --START--
INFO: [ template_filter ] --START--
INFO: Run Behavior\ContentReplaceBehavior [ RunTime:0.000075s ]
INFO: [ template_filter ] --END-- [ RunTime:0.000124s ]
INFO: Run Behavior\ParseTemplateBehavior [ RunTime:0.008458s ]
INFO: [ view_parse ] --END-- [ RunTime:0.008499s ]
INFO: [ view_filter ] --START--
INFO: Run Behavior\WriteHtmlCacheBehavior [ RunTime:0.000077s ]
INFO: [ view_filter ] --END-- [ RunTime:0.000097s ]
INFO: [ app_end ] --START--
INFO: Run Behavior\ShowPageTraceBehavior [ RunTime:0.000072s ]
INFO: [ app_end ] --END-- [ RunTime:0.000105s ]

[ 2018-09-02T18:00:35+08:00 ] 127.0.0.1 /~mac/flower/
INFO: [ app_init ] --START--
INFO: Run Behavior\BuildLiteBehavior [ RunTime:0.000010s ]
INFO: [ app_init ] --END-- [ RunTime:0.000097s ]
INFO: [ app_begin ] --START--
INFO: Run Behavior\ReadHtmlCacheBehavior [ RunTime:0.000054s ]
INFO: [ app_begin ] --END-- [ RunTime:0.000081s ]
INFO: [ view_parse ] --START--
INFO: [ template_filter ] --START--
INFO: Run Behavior\ContentReplaceBehavior [ RunTime:0.000072s ]
INFO: [ template_filter ] --END-- [ RunTime:0.000109s ]
INFO: Run Behavior\ParseTemplateBehavior [ RunTime:0.008294s ]
INFO: [ view_parse ] --END-- [ RunTime:0.008327s ]
INFO: [ view_filter ] --START--
INFO: Run Behavior\WriteHtmlCacheBehavior [ RunTime:0.000059s ]
INFO: [ view_filter ] --END-- [ RunTime:0.000074s ]
INFO: [ app_end ] --START--
INFO: Run Behavior\ShowPageTraceBehavior [ RunTime:0.000068s ]
INFO: [ app_end ] --END-- [ RunTime:0.000088s ]

[ 2018-09-02T18:00:48+08:00 ] 127.0.0.1 /~mac/flower/
INFO: [ app_init ] --START--
INFO: Run Behavior\BuildLiteBehavior [ RunTime:0.000008s ]
INFO: [ app_init ] --END-- [ RunTime:0.000054s ]
INFO: [ app_begin ] --START--
INFO: Run Behavior\ReadHtmlCacheBehavior [ RunTime:0.000036s ]
INFO: [ app_begin ] --END-- [ RunTime:0.000052s ]
INFO: [ view_parse ] --START--
INFO: [ template_filter ] --START--
INFO: Run Behavior\ContentReplaceBehavior [ RunTime:0.000061s ]
INFO: [ template_filter ] --END-- [ RunTime:0.000098s ]
INFO: Run Behavior\ParseTemplateBehavior [ RunTime:0.008080s ]
INFO: [ view_parse ] --END-- [ RunTime:0.008123s ]
INFO: [ view_filter ] --START--
INFO: Run Behavior\WriteHtmlCacheBehavior [ RunTime:0.000093s ]
INFO: [ view_filter ] --END-- [ RunTime:0.000133s ]
INFO: [ app_end ] --START--
INFO: Run Behavior\ShowPageTraceBehavior [ RunTime:0.000055s ]
INFO: [ app_end ] --END-- [ RunTime:0.000076s ]

[ 2018-09-02T18:01:19+08:00 ] 127.0.0.1 /~mac/flower/
INFO: [ app_init ] --START--
INFO: Run Behavior\BuildLiteBehavior [ RunTime:0.000012s ]
INFO: [ app_init ] --END-- [ RunTime:0.000077s ]
INFO: [ app_begin ] --START--
INFO: Run Behavior\ReadHtmlCacheBehavior [ RunTime:0.000051s ]
INFO: [ app_begin ] --END-- [ RunTime:0.000078s ]
INFO: [ view_parse ] --START--
INFO: [ template_filter ] --START--
INFO: Run Behavior\ContentReplaceBehavior [ RunTime:0.000078s ]
INFO: [ template_filter ] --END-- [ RunTime:0.001195s ]
INFO: Run Behavior\ParseTemplateBehavior [ RunTime:0.009921s ]
INFO: [ view_parse ] --END-- [ RunTime:0.009966s ]
INFO: [ view_filter ] --START--
INFO: Run Behavior\WriteHtmlCacheBehavior [ RunTime:0.000070s ]
INFO: [ view_filter ] --END-- [ RunTime:0.000114s ]
INFO: [ app_end ] --START--
INFO: Run Behavior\ShowPageTraceBehavior [ RunTime:0.000045s ]
INFO: [ app_end ] --END-- [ RunTime:0.000070s ]

[ 2018-09-02T18:02:19+08:00 ] 127.0.0.1 /~mac/flower/
INFO: [ app_init ] --START--
INFO: Run Behavior\BuildLiteBehavior [ RunTime:0.000011s ]
INFO: [ app_init ] --END-- [ RunTime:0.000075s ]
INFO: [ app_begin ] --START--
INFO: Run Behavior\ReadHtmlCacheBehavior [ RunTime:0.000048s ]
INFO: [ app_begin ] --END-- [ RunTime:0.000082s ]
INFO: [ view_parse ] --START--
INFO: [ template_filter ] --START--
INFO: Run Behavior\ContentReplaceBehavior [ RunTime:0.000059s ]
INFO: [ template_filter ] --END-- [ RunTime:0.000100s ]
INFO: Run Behavior\ParseTemplateBehavior [ RunTime:0.008203s ]
INFO: [ view_parse ] --END-- [ RunTime:0.008231s ]
INFO: [ view_filter ] --START--
INFO: Run Behavior\WriteHtmlCacheBehavior [ RunTime:0.000043s ]
INFO: [ view_filter ] --END-- [ RunTime:0.000056s ]
INFO: [ app_end ] --START--
INFO: Run Behavior\ShowPageTraceBehavior [ RunTime:0.000040s ]
INFO: [ app_end ] --END-- [ RunTime:0.000056s ]

[ 2018-09-02T18:03:36+08:00 ] 127.0.0.1 /~mac/flower/
INFO: [ app_init ] --START--
INFO: Run Behavior\BuildLiteBehavior [ RunTime:0.000010s ]
INFO: [ app_init ] --END-- [ RunTime:0.000082s ]
INFO: [ app_begin ] --START--
INFO: Run Behavior\ReadHtmlCacheBehavior [ RunTime:0.000054s ]
INFO: [ app_begin ] --END-- [ RunTime:0.000075s ]
INFO: [ view_parse ] --START--
INFO: [ template_filter ] --START--
INFO: Run Behavior\ContentReplaceBehavior [ RunTime:0.000124s ]
INFO: [ template_filter ] --END-- [ RunTime:0.000171s ]
INFO: Run Behavior\ParseTemplateBehavior [ RunTime:0.009345s ]
INFO: [ view_parse ] --END-- [ RunTime:0.009397s ]
INFO: [ view_filter ] --START--
INFO: Run Behavior\WriteHtmlCacheBehavior [ RunTime:0.000114s ]
INFO: [ view_filter ] --END-- [ RunTime:0.000144s ]
INFO: [ app_end ] --START--
INFO: Run Behavior\ShowPageTraceBehavior [ RunTime:0.000136s ]
INFO: [ app_end ] --END-- [ RunTime:0.000185s ]

[ 2018-09-02T18:03:58+08:00 ] 127.0.0.1 /~mac/flower/
INFO: [ app_init ] --START--
INFO: Run Behavior\BuildLiteBehavior [ RunTime:0.000010s ]
INFO: [ app_init ] --END-- [ RunTime:0.000079s ]
INFO: [ app_begin ] --START--
INFO: Run Behavior\ReadHtmlCacheBehavior [ RunTime:0.000050s ]
INFO: [ app_begin ] --END-- [ RunTime:0.000070s ]
INFO: [ view_parse ] --START--
INFO: [ template_filter ] --START--
INFO: Run Behavior\ContentReplaceBehavior [ RunTime:0.000050s ]
INFO: [ template_filter ] --END-- [ RunTime:0.000084s ]
INFO: Run Behavior\ParseTemplateBehavior [ RunTime:0.008824s ]
INFO: [ view_parse ] --END-- [ RunTime:0.008860s ]
INFO: [ view_filter ] --START--
INFO: Run Behavior\WriteHtmlCacheBehavior [ RunTime:0.000055s ]
INFO: [ view_filter ] --END-- [ RunTime:0.000068s ]
INFO: [ app_end ] --START--
INFO: Run Behavior\ShowPageTraceBehavior [ RunTime:0.000072s ]
INFO: [ app_end ] --END-- [ RunTime:0.000104s ]

[ 2018-09-02T18:08:49+08:00 ] 127.0.0.1 /~mac/flower/
INFO: [ app_init ] --START--
INFO: Run Behavior\BuildLiteBehavior [ RunTime:0.000011s ]
INFO: [ app_init ] --END-- [ RunTime:0.000087s ]
INFO: [ app_begin ] --START--
INFO: Run Behavior\ReadHtmlCacheBehavior [ RunTime:0.000043s ]
INFO: [ app_begin ] --END-- [ RunTime:0.000066s ]
INFO: [ view_parse ] --START--
INFO: [ template_filter ] --START--
INFO: Run Behavior\ContentReplaceBehavior [ RunTime:0.000045s ]
INFO: [ template_filter ] --END-- [ RunTime:0.000074s ]
INFO: Run Behavior\ParseTemplateBehavior [ RunTime:0.008211s ]
INFO: [ view_parse ] --END-- [ RunTime:0.008249s ]
INFO: [ view_filter ] --START--
INFO: Run Behavior\WriteHtmlCacheBehavior [ RunTime:0.000079s ]
INFO: [ view_filter ] --END-- [ RunTime:0.000100s ]
INFO: [ app_end ] --START--
INFO: Run Behavior\ShowPageTraceBehavior [ RunTime:0.000084s ]
INFO: [ app_end ] --END-- [ RunTime:0.000115s ]

