[ 2018-08-24T20:25:56+08:00 ] 127.0.0.1 /~mac/flower/Home/Index/index.html
INFO: [ app_init ] --START--
INFO: Run Behavior\BuildLiteBehavior [ RunTime:0.000013s ]
INFO: [ app_init ] --END-- [ RunTime:0.000164s ]
ERR: 无法加载模块:~mac

[ 2018-08-24T20:26:13+08:00 ] 127.0.0.1 /~mac/flower/Home/Index/index.html
INFO: [ app_init ] --START--
INFO: Run Behavior\BuildLiteBehavior [ RunTime:0.000020s ]
INFO: [ app_init ] --END-- [ RunTime:0.000210s ]
ERR: 无法加载模块:~mac

[ 2018-08-24T20:26:14+08:00 ] 127.0.0.1 /~mac/flower/Home/Index/index.html
INFO: [ app_init ] --START--
INFO: Run Behavior\BuildLiteBehavior [ RunTime:0.000049s ]
INFO: [ app_init ] --END-- [ RunTime:0.000184s ]
ERR: 无法加载模块:~mac

[ 2018-08-24T20:26:14+08:00 ] 127.0.0.1 /~mac/flower/Home/Index/index.html
INFO: [ app_init ] --START--
INFO: Run Behavior\BuildLiteBehavior [ RunTime:0.000010s ]
INFO: [ app_init ] --END-- [ RunTime:0.000072s ]
ERR: 无法加载模块:~mac

[ 2018-08-24T20:26:15+08:00 ] 127.0.0.1 /~mac/flower/Home/Index/index.html
INFO: [ app_init ] --START--
INFO: Run Behavior\BuildLiteBehavior [ RunTime:0.000042s ]
INFO: [ app_init ] --END-- [ RunTime:0.000127s ]
ERR: 无法加载模块:~mac

[ 2018-08-24T20:26:21+08:00 ] 127.0.0.1 /~mac/flower/Home/Index/index.html
INFO: [ app_init ] --START--
INFO: Run Behavior\BuildLiteBehavior [ RunTime:0.000006s ]
INFO: [ app_init ] --END-- [ RunTime:0.000047s ]
ERR: 无法加载模块:~mac

[ 2018-08-24T20:26:21+08:00 ] 127.0.0.1 /~mac/flower/Home/Index/index.html
INFO: [ app_init ] --START--
INFO: Run Behavior\BuildLiteBehavior [ RunTime:0.000008s ]
INFO: [ app_init ] --END-- [ RunTime:0.000048s ]
ERR: 无法加载模块:~mac

[ 2018-08-24T20:26:23+08:00 ] 127.0.0.1 /~mac/flower/Home/Index/index.html
INFO: [ app_init ] --START--
INFO: Run Behavior\BuildLiteBehavior [ RunTime:0.000032s ]
INFO: [ app_init ] --END-- [ RunTime:0.000118s ]
ERR: 无法加载模块:~mac

[ 2018-08-24T20:28:08+08:00 ] 127.0.0.1 /~mac/flower/Home/Index/index.html
INFO: [ app_init ] --START--
INFO: Run Behavior\BuildLiteBehavior [ RunTime:0.000008s ]
INFO: [ app_init ] --END-- [ RunTime:0.000103s ]
ERR: 无法加载模块:~mac

[ 2018-08-24T21:34:16+08:00 ] 127.0.0.1 /~mac/flower/attachs/%3Cpre%20style=
INFO: [ app_init ] --START--
INFO: Run Behavior\BuildLiteBehavior [ RunTime:0.000006s ]
INFO: [ app_init ] --END-- [ RunTime:0.000033s ]
ERR: 无法加载模块:~mac

[ 2018-08-24T21:34:46+08:00 ] 127.0.0.1 /~mac/flower/attachs/%3Cpre%20style=
INFO: [ app_init ] --START--
INFO: Run Behavior\BuildLiteBehavior [ RunTime:0.000011s ]
INFO: [ app_init ] --END-- [ RunTime:0.000069s ]
ERR: 无法加载模块:~mac

