[ 2018-09-04T16:01:38+08:00 ] 127.0.0.1 /~mac/flower/admin
INFO: [ app_init ] --START--
INFO: Run Behavior\BuildLiteBehavior [ RunTime:0.000015s ]
INFO: [ app_init ] --END-- [ RunTime:0.000375s ]
ERR: 无法加载模块:~mac

[ 2018-09-04T16:02:02+08:00 ] 127.0.0.1 /~mac/flower/admin
INFO: [ app_init ] --START--
INFO: Run Behavior\BuildLiteBehavior [ RunTime:0.000005s ]
INFO: [ app_init ] --END-- [ RunTime:0.000044s ]
ERR: 无法加载模块:~mac

[ 2018-09-04T16:02:44+08:00 ] 127.0.0.1 /~mac/flower/admin
INFO: [ app_init ] --START--
INFO: Run Behavior\BuildLiteBehavior [ RunTime:0.000006s ]
INFO: [ app_init ] --END-- [ RunTime:0.000041s ]
ERR: 无法加载模块:~mac

[ 2018-09-04T16:03:10+08:00 ] 127.0.0.1 /~mac/flower/admin
INFO: [ app_init ] --START--
INFO: Run Behavior\BuildLiteBehavior [ RunTime:0.000005s ]
INFO: [ app_init ] --END-- [ RunTime:0.000044s ]
ERR: 无法加载模块:~mac

[ 2018-09-04T16:04:12+08:00 ] 127.0.0.1 /~mac/flower/admin
INFO: [ app_init ] --START--
INFO: Run Behavior\BuildLiteBehavior [ RunTime:0.000006s ]
INFO: [ app_init ] --END-- [ RunTime:0.000050s ]
ERR: 无法加载模块:~mac

[ 2018-09-04T16:04:13+08:00 ] 127.0.0.1 /~mac/flower/admin
INFO: [ app_init ] --START--
INFO: Run Behavior\BuildLiteBehavior [ RunTime:0.000009s ]
INFO: [ app_init ] --END-- [ RunTime:0.000055s ]
ERR: 无法加载模块:~mac

[ 2018-09-04T16:04:22+08:00 ] 127.0.0.1 /~mac/flower/admin
INFO: [ app_init ] --START--
INFO: Run Behavior\BuildLiteBehavior [ RunTime:0.000006s ]
INFO: [ app_init ] --END-- [ RunTime:0.000039s ]
ERR: 无法加载模块:~mac

[ 2018-09-04T16:04:23+08:00 ] 127.0.0.1 /~mac/flower/admin
INFO: [ app_init ] --START--
INFO: Run Behavior\BuildLiteBehavior [ RunTime:0.000007s ]
INFO: [ app_init ] --END-- [ RunTime:0.000045s ]
ERR: 无法加载模块:~mac

[ 2018-09-04T16:07:15+08:00 ] 127.0.0.1 /~mac/flower/admin
INFO: [ app_init ] --START--
INFO: Run Behavior\BuildLiteBehavior [ RunTime:0.000012s ]
INFO: [ app_init ] --END-- [ RunTime:0.000585s ]
ERR: 无法加载模块:~mac

[ 2018-09-04T16:07:16+08:00 ] 127.0.0.1 /~mac/flower/admin
INFO: [ app_init ] --START--
INFO: Run Behavior\BuildLiteBehavior [ RunTime:0.000010s ]
INFO: [ app_init ] --END-- [ RunTime:0.000057s ]
ERR: 无法加载模块:~mac

[ 2018-09-04T16:31:12+08:00 ] 127.0.0.1 /~mac/flower/admin
INFO: [ app_init ] --START--
INFO: Run Behavior\BuildLiteBehavior [ RunTime:0.000005s ]
INFO: [ app_init ] --END-- [ RunTime:0.000038s ]
ERR: 无法加载模块:~mac

[ 2018-09-04T17:03:57+08:00 ] 127.0.0.1 /%E6%AD%A3%E5%9C%A8%E6%8F%90%E4%BA%A4....
INFO: [ app_init ] --START--
INFO: Run Behavior\BuildLiteBehavior [ RunTime:0.000011s ]
INFO: [ app_init ] --END-- [ RunTime:0.000091s ]
ERR: 无法加载模块:正在提交...

[ 2018-09-04T17:03:59+08:00 ] 127.0.0.1 /%E6%AD%A3%E5%9C%A8%E6%8F%90%E4%BA%A4....
INFO: [ app_init ] --START--
INFO: Run Behavior\BuildLiteBehavior [ RunTime:0.000007s ]
INFO: [ app_init ] --END-- [ RunTime:0.000042s ]
ERR: 无法加载模块:正在提交...

[ 2018-09-04T17:04:00+08:00 ] 127.0.0.1 /%E6%AD%A3%E5%9C%A8%E6%8F%90%E4%BA%A4....
INFO: [ app_init ] --START--
INFO: Run Behavior\BuildLiteBehavior [ RunTime:0.000009s ]
INFO: [ app_init ] --END-- [ RunTime:0.000073s ]
ERR: 无法加载模块:正在提交...

[ 2018-09-04T17:04:02+08:00 ] 127.0.0.1 /%E6%AD%A3%E5%9C%A8%E6%8F%90%E4%BA%A4....
INFO: [ app_init ] --START--
INFO: Run Behavior\BuildLiteBehavior [ RunTime:0.000006s ]
INFO: [ app_init ] --END-- [ RunTime:0.000039s ]
ERR: 无法加载模块:正在提交...

[ 2018-09-04T17:04:30+08:00 ] 127.0.0.1 /%E6%AD%A3%E5%9C%A8%E6%8F%90%E4%BA%A4....
INFO: [ app_init ] --START--
INFO: Run Behavior\BuildLiteBehavior [ RunTime:0.000005s ]
INFO: [ app_init ] --END-- [ RunTime:0.000041s ]
ERR: 无法加载模块:正在提交...

[ 2018-09-04T17:04:58+08:00 ] 127.0.0.1 /%E6%AD%A3%E5%9C%A8%E6%8F%90%E4%BA%A4....
INFO: [ app_init ] --START--
INFO: Run Behavior\BuildLiteBehavior [ RunTime:0.000008s ]
INFO: [ app_init ] --END-- [ RunTime:0.000059s ]
ERR: 无法加载模块:正在提交...

[ 2018-09-04T17:05:07+08:00 ] 127.0.0.1 /%E6%AD%A3%E5%9C%A8%E6%8F%90%E4%BA%A4....
INFO: [ app_init ] --START--
INFO: Run Behavior\BuildLiteBehavior [ RunTime:0.000007s ]
INFO: [ app_init ] --END-- [ RunTime:0.000051s ]
ERR: 无法加载模块:正在提交...

[ 2018-09-04T17:05:14+08:00 ] 127.0.0.1 /%E6%AD%A3%E5%9C%A8%E6%8F%90%E4%BA%A4....
INFO: [ app_init ] --START--
INFO: Run Behavior\BuildLiteBehavior [ RunTime:0.000006s ]
INFO: [ app_init ] --END-- [ RunTime:0.000034s ]
ERR: 无法加载模块:正在提交...

[ 2018-09-04T17:05:22+08:00 ] 127.0.0.1 /%E6%AD%A3%E5%9C%A8%E6%8F%90%E4%BA%A4....
INFO: [ app_init ] --START--
INFO: Run Behavior\BuildLiteBehavior [ RunTime:0.000006s ]
INFO: [ app_init ] --END-- [ RunTime:0.000037s ]
ERR: 无法加载模块:正在提交...

[ 2018-09-04T17:05:46+08:00 ] 127.0.0.1 /%E6%AD%A3%E5%9C%A8%E6%8F%90%E4%BA%A4....
INFO: [ app_init ] --START--
INFO: Run Behavior\BuildLiteBehavior [ RunTime:0.000010s ]
INFO: [ app_init ] --END-- [ RunTime:0.000074s ]
ERR: 无法加载模块:正在提交...

[ 2018-09-04T17:11:57+08:00 ] 127.0.0.1 /Public/layui/layer.all.js
INFO: [ app_init ] --START--
INFO: Run Behavior\BuildLiteBehavior [ RunTime:0.000009s ]
INFO: [ app_init ] --END-- [ RunTime:0.000051s ]
ERR: 无法加载模块:Public

[ 2018-09-04T17:11:57+08:00 ] 127.0.0.1 /Public/layui/layer.all.js
INFO: [ app_init ] --START--
INFO: Run Behavior\BuildLiteBehavior [ RunTime:0.000010s ]
INFO: [ app_init ] --END-- [ RunTime:0.000086s ]
ERR: 无法加载模块:Public

